0 verbose cli /opt/homebrew/Cellar/node/25.8.1_1/bin/node /opt/homebrew/bin/npm
1 info using npm@11.11.0
2 info using node@v25.8.1
3 silly config load:file:/opt/homebrew/lib/node_modules/npm/npmrc
4 silly config load:file:/Users/merttomekce/Documents/Code/Seng384/HealthAI/.npmrc
5 silly config load:file:/Users/merttomekce/.npmrc
6 silly config load:file:/opt/homebrew/etc/npmrc
7 verbose title npm install typescript @types/react @types/node @types/react-dom
8 verbose argv "install" "--save-dev" "typescript" "@types/react" "@types/node" "@types/react-dom"
9 verbose logfile logs-max:10 dir:/Users/merttomekce/Documents/Code/Seng384/HealthAI/.npm-cache/_logs/2026-03-29T10_53_58_445Z-
10 verbose logfile /Users/merttomekce/Documents/Code/Seng384/HealthAI/.npm-cache/_logs/2026-03-29T10_53_58_445Z-debug-0.log
11 silly logfile done cleaning log files
12 silly packumentCache heap:4496293888 maxSize:1124073472 maxEntrySize:562036736
13 silly idealTree buildDeps
14 silly fetch manifest typescript@*
15 silly packumentCache full:https://registry.npmjs.org/typescript cache-miss
16 http fetch GET 200 https://registry.npmjs.org/typescript 274ms (cache miss)
17 silly packumentCache full:https://registry.npmjs.org/typescript set size:undefined disposed:false
18 silly fetch manifest @types/react@*
19 silly packumentCache full:https://registry.npmjs.org/@types%2freact cache-miss
20 http fetch GET 200 https://registry.npmjs.org/@types%2freact 60ms (cache miss)
21 silly packumentCache full:https://registry.npmjs.org/@types%2freact set size:undefined disposed:false
22 silly fetch manifest @types/node@*
23 silly packumentCache full:https://registry.npmjs.org/@types%2fnode cache-miss
24 http fetch GET 200 https://registry.npmjs.org/@types%2fnode 103ms (cache miss)
25 silly packumentCache full:https://registry.npmjs.org/@types%2fnode set size:undefined disposed:false
26 silly fetch manifest @types/react-dom@*
27 silly packumentCache full:https://registry.npmjs.org/@types%2freact-dom cache-miss
28 http fetch GET 200 https://registry.npmjs.org/@types%2freact-dom 43ms (cache miss)
29 silly packumentCache full:https://registry.npmjs.org/@types%2freact-dom set size:undefined disposed:false
30 silly placeDep ROOT @types/node@25.5.0 OK for: healthai@0.1.0 want: *
31 silly placeDep ROOT @types/react@19.2.14 OK for: healthai@0.1.0 want: *
32 silly placeDep ROOT @types/react-dom@19.2.3 OK for: healthai@0.1.0 want: *
33 silly placeDep ROOT typescript@6.0.2 OK for: healthai@0.1.0 want: *
34 silly fetch manifest undici-types@~7.18.0
35 silly packumentCache full:https://registry.npmjs.org/undici-types cache-miss
36 silly fetch manifest csstype@^3.2.2
37 silly packumentCache full:https://registry.npmjs.org/csstype cache-miss
38 http fetch GET 200 https://registry.npmjs.org/undici-types 37ms (cache miss)
39 silly packumentCache full:https://registry.npmjs.org/undici-types set size:undefined disposed:false
40 http fetch GET 200 https://registry.npmjs.org/csstype 101ms (cache miss)
41 silly packumentCache full:https://registry.npmjs.org/csstype set size:undefined disposed:false
42 silly placeDep ROOT undici-types@7.18.2 OK for: @types/node@25.5.0 want: ~7.18.0
43 silly placeDep ROOT csstype@3.2.3 OK for: @types/react@19.2.14 want: ^3.2.2
44 silly reify moves {}
45 silly audit bulk request {
45 silly audit   '@next/env': [ '14.2.3' ],
45 silly audit   '@next/swc-darwin-arm64': [ '14.2.3' ],
45 silly audit   '@next/swc-darwin-x64': [ '14.2.3' ],
45 silly audit   '@next/swc-linux-arm64-gnu': [ '14.2.3' ],
45 silly audit   '@next/swc-linux-arm64-musl': [ '14.2.3' ],
45 silly audit   '@next/swc-linux-x64-gnu': [ '14.2.3' ],
45 silly audit   '@next/swc-linux-x64-musl': [ '14.2.3' ],
45 silly audit   '@next/swc-win32-arm64-msvc': [ '14.2.3' ],
45 silly audit   '@next/swc-win32-ia32-msvc': [ '14.2.3' ],
45 silly audit   '@next/swc-win32-x64-msvc': [ '14.2.3' ],
45 silly audit   '@swc/counter': [ '0.1.3' ],
45 silly audit   '@swc/helpers': [ '0.5.5' ],
45 silly audit   busboy: [ '1.6.0' ],
45 silly audit   'caniuse-lite': [ '1.0.30001781' ],
45 silly audit   'client-only': [ '0.0.1' ],
45 silly audit   'graceful-fs': [ '4.2.11' ],
45 silly audit   'js-tokens': [ '4.0.0' ],
45 silly audit   'loose-envify': [ '1.4.0' ],
45 silly audit   nanoid: [ '3.3.11' ],
45 silly audit   next: [ '14.2.3' ],
45 silly audit   picocolors: [ '1.1.1' ],
45 silly audit   postcss: [ '8.4.31' ],
45 silly audit   react: [ '18.3.1' ],
45 silly audit   'react-dom': [ '18.3.1' ],
45 silly audit   scheduler: [ '0.23.2' ],
45 silly audit   'source-map-js': [ '1.2.1' ],
45 silly audit   streamsearch: [ '1.1.0' ],
45 silly audit   'styled-jsx': [ '5.1.1' ],
45 silly audit   tslib: [ '2.8.1' ],
45 silly audit   '@types/node': [ '25.5.0' ],
45 silly audit   '@types/react': [ '19.2.14' ],
45 silly audit   '@types/react-dom': [ '19.2.3' ],
45 silly audit   typescript: [ '6.0.2' ],
45 silly audit   'undici-types': [ '7.18.2' ],
45 silly audit   csstype: [ '3.2.3' ]
45 silly audit }
46 http cache csstype@https://registry.npmjs.org/csstype/-/csstype-3.2.3.tgz 1ms (cache hit)
47 http cache undici-types@https://registry.npmjs.org/undici-types/-/undici-types-7.18.2.tgz 0ms (cache hit)
48 http cache typescript@https://registry.npmjs.org/typescript/-/typescript-6.0.2.tgz 0ms (cache hit)
49 http cache @types/react-dom@https://registry.npmjs.org/@types/react-dom/-/react-dom-19.2.3.tgz 0ms (cache hit)
50 http cache @types/react@https://registry.npmjs.org/@types/react/-/react-19.2.14.tgz 0ms (cache hit)
51 http cache @types/node@https://registry.npmjs.org/@types/node/-/node-25.5.0.tgz 0ms (cache hit)
52 silly tarball no local data for csstype@https://registry.npmjs.org/csstype/-/csstype-3.2.3.tgz. Extracting by manifest.
53 silly tarball no local data for undici-types@https://registry.npmjs.org/undici-types/-/undici-types-7.18.2.tgz. Extracting by manifest.
54 silly tarball no local data for typescript@https://registry.npmjs.org/typescript/-/typescript-6.0.2.tgz. Extracting by manifest.
55 silly tarball no local data for @types/react-dom@https://registry.npmjs.org/@types/react-dom/-/react-dom-19.2.3.tgz. Extracting by manifest.
56 silly tarball no local data for @types/react@https://registry.npmjs.org/@types/react/-/react-19.2.14.tgz. Extracting by manifest.
57 silly tarball no local data for @types/node@https://registry.npmjs.org/@types/node/-/node-25.5.0.tgz. Extracting by manifest.
58 http fetch GET 200 https://registry.npmjs.org/csstype/-/csstype-3.2.3.tgz 46ms (cache miss)
59 http fetch GET 200 https://registry.npmjs.org/@types/react-dom/-/react-dom-19.2.3.tgz 103ms (cache miss)
60 http fetch GET 200 https://registry.npmjs.org/undici-types/-/undici-types-7.18.2.tgz 105ms (cache miss)
61 http fetch GET 200 https://registry.npmjs.org/@types/react/-/react-19.2.14.tgz 115ms (cache miss)
62 http fetch GET 200 https://registry.npmjs.org/@types/node/-/node-25.5.0.tgz 139ms (cache miss)
63 http fetch POST 200 https://registry.npmjs.org/-/npm/v1/security/advisories/bulk 227ms
64 silly audit report {
64 silly audit report   next: [
64 silly audit report     {
64 silly audit report       id: 1099638,
64 silly audit report       url: 'https://github.com/advisories/GHSA-gp8f-8m3g-qvj9',
64 silly audit report       title: 'Next.js Cache Poisoning',
64 silly audit report       severity: 'high',
64 silly audit report       vulnerable_versions: '>=14.0.0 <14.2.10',
64 silly audit report       cwe: [Array],
64 silly audit report       cvss: [Object]
64 silly audit report     },
64 silly audit report     {
64 silly audit report       id: 1100421,
64 silly audit report       url: 'https://github.com/advisories/GHSA-g77x-44xx-532m',
64 silly audit report       title: 'Denial of Service condition in Next.js image optimization',
64 silly audit report       severity: 'moderate',
64 silly audit report       vulnerable_versions: '>=10.0.0 <14.2.7',
64 silly audit report       cwe: [Array],
64 silly audit report       cvss: [Object]
64 silly audit report     },
64 silly audit report     {
64 silly audit report       id: 1101438,
64 silly audit report       url: 'https://github.com/advisories/GHSA-7m27-7ghc-44w9',
64 silly audit report       title: 'Next.js Allows a Denial of Service (DoS) with Server Actions',
64 silly audit report       severity: 'moderate',
64 silly audit report       vulnerable_versions: '>=14.0.0 <14.2.21',
64 silly audit report       cwe: [Array],
64 silly audit report       cvss: [Object]
64 silly audit report     },
64 silly audit report     {
64 silly audit report       id: 1105461,
64 silly audit report       url: 'https://github.com/advisories/GHSA-3h52-269p-cp9r',
64 silly audit report       title: 'Information exposure in Next.js dev server due to lack of origin verification',
64 silly audit report       severity: 'low',
64 silly audit report       vulnerable_versions: '>=13.0 <14.2.30',
64 silly audit report       cwe: [Array],
64 silly audit report       cvss: [Object]
64 silly audit report     },
64 silly audit report     {
64 silly audit report       id: 1111391,
64 silly audit report       url: 'https://github.com/advisories/GHSA-mwv6-3258-q52c',
64 silly audit report       title: 'Next Vulnerable to Denial of Service with Server Components',
64 silly audit report       severity: 'high',
64 silly audit report       vulnerable_versions: '>=13.3.0 <14.2.34',
64 silly audit report       cwe: [Array],
64 silly audit report       cvss: [Object]
64 silly audit report     },
64 silly audit report     {
64 silly audit report       id: 1107226,
64 silly audit report       url: 'https://github.com/advisories/GHSA-g5qg-72qw-gw5v',
64 silly audit report       title: 'Next.js Affected by Cache Key Confusion for Image Optimization API Routes',
64 silly audit report       severity: 'moderate',
64 silly audit report       vulnerable_versions: '>=0.9.9 <14.2.31',
64 silly audit report       cwe: [Array],
64 silly audit report       cvss: [Object]
64 silly audit report     },
64 silly audit report     {
64 silly audit report       id: 1107420,
64 silly audit report       url: 'https://github.com/advisories/GHSA-7gfc-8cq8-jh5f',
64 silly audit report       title: 'Next.js authorization bypass vulnerability',
64 silly audit report       severity: 'high',
64 silly audit report       vulnerable_versions: '>=9.5.5 <14.2.15',
64 silly audit report       cwe: [Array],
64 silly audit report       cvss: [Object]
64 silly audit report     },
64 silly audit report     {
64 silly audit report       id: 1107512,
64 silly audit report       url: 'https://github.com/advisories/GHSA-4342-x723-ch2f',
64 silly audit report       title: 'Next.js Improper Middleware Redirect Handling Leads to SSRF',
64 silly audit report       severity: 'moderate',
64 silly audit report       vulnerable_versions: '>=0.9.9 <14.2.32',
64 silly audit report       cwe: [Array],
64 silly audit report       cvss: [Object]
64 silly audit report     },
64 silly audit report     {
64 silly audit report       id: 1107513,
64 silly audit report       url: 'https://github.com/advisories/GHSA-xv57-4mr9-wg8v',
64 silly audit report       title: 'Next.js Content Injection Vulnerability for Image Optimization',
64 silly audit report       severity: 'moderate',
64 silly audit report       vulnerable_versions: '>=0.9.9 <14.2.31',
64 silly audit report       cwe: [Array],
64 silly audit report       cvss: [Object]
64 silly audit report     },
64 silly audit report     {
64 silly audit report       id: 1112182,
64 silly audit report       url: 'https://github.com/advisories/GHSA-5j59-xgg2-r9c4',
64 silly audit report       title: 'Next has a Denial of Service with Server Components - Incomplete Fix Follow-Up',
64 silly audit report       severity: 'high',
64 silly audit report       vulnerable_versions: '>=13.3.1-canary.0 <14.2.35',
64 silly audit report       cwe: [Array],
64 silly audit report       cvss: [Object]
64 silly audit report     },
64 silly audit report     {
64 silly audit report       id: 1108291,
64 silly audit report       url: 'https://github.com/advisories/GHSA-qpjv-v59x-3qc4',
64 silly audit report       title: 'Next.js Race Condition to Cache Poisoning',
64 silly audit report       severity: 'low',
64 silly audit report       vulnerable_versions: '>=0.9.9 <14.2.24',
64 silly audit report       cwe: [Array],
64 silly audit report       cvss: [Object]
64 silly audit report     },
64 silly audit report     {
64 silly audit report       id: 1112593,
64 silly audit report       url: 'https://github.com/advisories/GHSA-9g9p-9gw9-jx7f',
64 silly audit report       title: 'Next.js self-hosted applications vulnerable to DoS via Image Optimizer remotePatterns configuration',
64 silly audit report       severity: 'moderate',
64 silly audit report       vulnerable_versions: '>=10.0.0 <15.5.10',
64 silly audit report       cwe: [Array],
64 silly audit report       cvss: [Object]
64 silly audit report     },
64 silly audit report     {
64 silly audit report       id: 1112653,
64 silly audit report       url: 'https://github.com/advisories/GHSA-h25m-26qc-wcjf',
64 silly audit report       title: 'Next.js HTTP request deserialization can lead to DoS when using insecure React Server Components',
64 silly audit report       severity: 'high',
64 silly audit report       vulnerable_versions: '>=13.0.0 <15.0.8',
64 silly audit report       cwe: [Array],
64 silly audit report       cvss: [Object]
64 silly audit report     },
64 silly audit report     {
64 silly audit report       id: 1113689,
64 silly audit report       url: 'https://github.com/advisories/GHSA-f82v-jwr5-mffw',
64 silly audit report       title: 'Authorization Bypass in Next.js Middleware',
64 silly audit report       severity: 'critical',
64 silly audit report       vulnerable_versions: '>=14.0.0 <14.2.25',
64 silly audit report       cwe: [Array],
64 silly audit report       cvss: [Object]
64 silly audit report     },
64 silly audit report     {
64 silly audit report       id: 1114897,
64 silly audit report       url: 'https://github.com/advisories/GHSA-ggv3-7p47-pfv8',
64 silly audit report       title: 'Next.js: HTTP request smuggling in rewrites',
64 silly audit report       severity: 'moderate',
64 silly audit report       vulnerable_versions: '>=9.5.0 <15.5.13',
64 silly audit report       cwe: [Array],
64 silly audit report       cvss: [Object]
64 silly audit report     },
64 silly audit report     {
64 silly audit report       id: 1114940,
64 silly audit report       url: 'https://github.com/advisories/GHSA-3x4c-7xq6-9pq8',
64 silly audit report       title: 'Next.js: Unbounded next/image disk cache growth can exhaust storage',
64 silly audit report       severity: 'moderate',
64 silly audit report       vulnerable_versions: '>=10.0.0 <15.5.14',
64 silly audit report       cwe: [Array],
64 silly audit report       cvss: [Object]
64 silly audit report     }
64 silly audit report   ]
64 silly audit report }
65 silly packumentCache corgi:https://registry.npmjs.org/next cache-miss
66 http fetch GET 200 https://registry.npmjs.org/typescript/-/typescript-6.0.2.tgz 262ms (cache miss)
67 http fetch GET 200 https://registry.npmjs.org/next 68ms (cache revalidated)
68 silly packumentCache corgi:https://registry.npmjs.org/next set size:24466845 disposed:false
69 silly ADD node_modules/csstype
70 silly ADD node_modules/undici-types
71 silly ADD node_modules/typescript
72 silly ADD node_modules/@types/react-dom
73 silly ADD node_modules/@types/react
74 silly ADD node_modules/@types/node
75 verbose cwd /Users/merttomekce/Documents/Code/Seng384/HealthAI
76 verbose os Darwin 24.4.0
77 verbose node v25.8.1
78 verbose npm  v11.11.0
79 verbose exit 0
80 info ok
