0 verbose cli /opt/homebrew/Cellar/node/25.8.1_1/bin/node /opt/homebrew/bin/npm
1 info using npm@11.11.0
2 info using node@v25.8.1
3 silly config load:file:/opt/homebrew/lib/node_modules/npm/npmrc
4 silly config load:file:/Users/merttomekce/Documents/Code/Seng384/HealthAI/.npmrc
5 silly config load:file:/Users/merttomekce/.npmrc
6 silly config load:file:/opt/homebrew/etc/npmrc
7 verbose title npm install prisma
8 verbose argv "install" "--save-dev" "prisma" "--cache" "./.npm-cache"
9 verbose logfile logs-max:10 dir:/Users/merttomekce/Documents/Code/Seng384/HealthAI/.npm-cache/_logs/2026-03-29T11_57_32_157Z-
10 verbose logfile /Users/merttomekce/Documents/Code/Seng384/HealthAI/.npm-cache/_logs/2026-03-29T11_57_32_157Z-debug-0.log
11 silly logfile start cleaning logs, removing 1 files
12 silly packumentCache heap:4496293888 maxSize:1124073472 maxEntrySize:562036736
13 silly logfile done cleaning log files
14 silly idealTree buildDeps
15 silly fetch manifest prisma@*
16 silly packumentCache full:https://registry.npmjs.org/prisma cache-miss
17 http cache https://registry.npmjs.org/prisma 39ms (cache hit)
18 silly packumentCache full:https://registry.npmjs.org/prisma set size:43008124 disposed:false
19 silly fetch manifest better-sqlite3@>=9.0.0
20 silly packumentCache full:https://registry.npmjs.org/better-sqlite3 cache-miss
21 http cache https://registry.npmjs.org/better-sqlite3 5ms (cache hit)
22 silly packumentCache full:https://registry.npmjs.org/better-sqlite3 set size:372287 disposed:false
23 silly fetch manifest typescript@^6.0.2
24 silly packumentCache full:https://registry.npmjs.org/typescript cache-miss
25 http cache https://registry.npmjs.org/typescript 12ms (cache hit)
26 silly packumentCache full:https://registry.npmjs.org/typescript set size:15395755 disposed:false
27 silly placeDep ROOT prisma@7.6.0 OK for: healthai@0.1.0 want: *
28 silly fetch manifest mysql2@3.15.3
29 silly packumentCache full:https://registry.npmjs.org/mysql2 cache-miss
30 silly fetch manifest postgres@3.4.7
31 silly packumentCache full:https://registry.npmjs.org/postgres cache-miss
32 silly fetch manifest @prisma/dev@0.24.3
33 silly packumentCache full:https://registry.npmjs.org/@prisma%2fdev cache-miss
34 silly fetch manifest @prisma/config@7.6.0
35 silly packumentCache full:https://registry.npmjs.org/@prisma%2fconfig cache-miss
36 silly fetch manifest @prisma/engines@7.6.0
37 silly packumentCache full:https://registry.npmjs.org/@prisma%2fengines cache-miss
38 silly fetch manifest @prisma/studio-core@0.27.3
39 silly packumentCache full:https://registry.npmjs.org/@prisma%2fstudio-core cache-miss
40 http fetch GET 200 https://registry.npmjs.org/postgres 143ms (cache miss)
41 silly packumentCache full:https://registry.npmjs.org/postgres set size:undefined disposed:false
42 http fetch GET 200 https://registry.npmjs.org/mysql2 166ms (cache miss)
43 silly packumentCache full:https://registry.npmjs.org/mysql2 set size:undefined disposed:false
44 http fetch GET 200 https://registry.npmjs.org/@prisma%2fstudio-core 171ms (cache miss)
45 silly packumentCache full:https://registry.npmjs.org/@prisma%2fstudio-core set size:undefined disposed:false
46 http fetch GET 200 https://registry.npmjs.org/@prisma%2fdev 187ms (cache miss)
47 silly packumentCache full:https://registry.npmjs.org/@prisma%2fdev set size:undefined disposed:false
48 http fetch GET 200 https://registry.npmjs.org/@prisma%2fconfig 215ms (cache miss)
49 silly packumentCache full:https://registry.npmjs.org/@prisma%2fconfig set size:undefined disposed:false
50 http fetch GET 200 https://registry.npmjs.org/@prisma%2fengines 458ms (cache miss)
51 silly packumentCache full:https://registry.npmjs.org/@prisma%2fengines set size:undefined disposed:false
52 silly fetch manifest @types/react@^18.0.0 || ^19.0.0
53 silly packumentCache full:https://registry.npmjs.org/@types%2freact cache-miss
54 http fetch GET 200 https://registry.npmjs.org/@types%2freact 45ms (cache revalidated)
55 silly packumentCache full:https://registry.npmjs.org/@types%2freact set size:2588986 disposed:false
56 silly fetch manifest react@^18.0.0 || ^19.0.0
57 silly packumentCache full:https://registry.npmjs.org/react cache-miss
58 http fetch GET 200 https://registry.npmjs.org/react 48ms (cache revalidated)
59 silly packumentCache full:https://registry.npmjs.org/react set size:6569208 disposed:false
60 silly fetch manifest react-dom@^18.0.0 || ^19.0.0
61 silly packumentCache full:https://registry.npmjs.org/react-dom cache-miss
62 http fetch GET 200 https://registry.npmjs.org/react-dom 54ms (cache revalidated)
63 silly packumentCache full:https://registry.npmjs.org/react-dom set size:8729087 disposed:false
64 silly placeDep ROOT @prisma/config@7.6.0 OK for: prisma@7.6.0 want: 7.6.0
65 silly placeDep ROOT @prisma/dev@0.24.3 OK for: prisma@7.6.0 want: 0.24.3
66 silly placeDep ROOT @prisma/engines@7.6.0 OK for: prisma@7.6.0 want: 7.6.0
67 silly placeDep ROOT @prisma/studio-core@0.27.3 OK for: prisma@7.6.0 want: 0.27.3
68 silly placeDep ROOT mysql2@3.15.3 OK for: prisma@7.6.0 want: 3.15.3
69 silly placeDep ROOT postgres@3.4.7 OK for: prisma@7.6.0 want: 3.4.7
70 silly fetch manifest c12@3.1.0
71 silly packumentCache full:https://registry.npmjs.org/c12 cache-miss
72 silly fetch manifest effect@3.20.0
73 silly packumentCache full:https://registry.npmjs.org/effect cache-miss
74 silly fetch manifest empathic@2.0.0
75 silly packumentCache full:https://registry.npmjs.org/empathic cache-miss
76 silly fetch manifest deepmerge-ts@7.1.5
77 silly packumentCache full:https://registry.npmjs.org/deepmerge-ts cache-miss
78 silly fetch manifest @electric-sql/pglite@0.4.1
79 silly packumentCache full:https://registry.npmjs.org/@electric-sql%2fpglite cache-miss
80 silly fetch manifest @electric-sql/pglite-socket@0.1.1
81 silly packumentCache full:https://registry.npmjs.org/@electric-sql%2fpglite-socket cache-miss
82 silly fetch manifest @electric-sql/pglite-tools@0.3.1
83 silly packumentCache full:https://registry.npmjs.org/@electric-sql%2fpglite-tools cache-miss
84 silly fetch manifest @hono/node-server@1.19.11
85 silly packumentCache full:https://registry.npmjs.org/@hono%2fnode-server cache-miss
86 silly fetch manifest @prisma/get-platform@7.2.0
87 silly packumentCache full:https://registry.npmjs.org/@prisma%2fget-platform cache-miss
88 silly fetch manifest @prisma/query-plan-executor@7.2.0
89 silly packumentCache full:https://registry.npmjs.org/@prisma%2fquery-plan-executor cache-miss
90 silly fetch manifest @prisma/streams-local@0.1.2
91 silly packumentCache full:https://registry.npmjs.org/@prisma%2fstreams-local cache-miss
92 silly fetch manifest foreground-child@3.3.1
93 silly packumentCache full:https://registry.npmjs.org/foreground-child cache-miss
94 silly fetch manifest get-port-please@3.2.0
95 silly packumentCache full:https://registry.npmjs.org/get-port-please cache-miss
96 http fetch GET 200 https://registry.npmjs.org/empathic 43ms (cache miss)
97 silly packumentCache full:https://registry.npmjs.org/empathic set size:undefined disposed:false
98 silly fetch manifest hono@^4.12.8
99 silly packumentCache full:https://registry.npmjs.org/hono cache-miss
100 http fetch GET 200 https://registry.npmjs.org/c12 46ms (cache miss)
101 silly packumentCache full:https://registry.npmjs.org/c12 set size:undefined disposed:false
102 silly fetch manifest http-status-codes@2.3.0
103 silly packumentCache full:https://registry.npmjs.org/http-status-codes cache-miss
104 http fetch GET 200 https://registry.npmjs.org/@electric-sql%2fpglite-socket 54ms (cache miss)
105 silly packumentCache full:https://registry.npmjs.org/@electric-sql%2fpglite-socket set size:undefined disposed:false
106 silly fetch manifest pathe@2.0.3
107 silly packumentCache full:https://registry.npmjs.org/pathe cache-miss
108 http fetch GET 200 https://registry.npmjs.org/deepmerge-ts 56ms (cache miss)
109 silly packumentCache full:https://registry.npmjs.org/deepmerge-ts set size:undefined disposed:false
110 silly fetch manifest proper-lockfile@4.1.2
111 silly packumentCache full:https://registry.npmjs.org/proper-lockfile cache-miss
112 http fetch GET 200 https://registry.npmjs.org/@electric-sql%2fpglite 61ms (cache miss)
113 silly packumentCache full:https://registry.npmjs.org/@electric-sql%2fpglite set size:undefined disposed:false
114 silly fetch manifest remeda@2.33.4
115 silly packumentCache full:https://registry.npmjs.org/remeda cache-miss
116 http fetch GET 200 https://registry.npmjs.org/proper-lockfile 40ms (cache miss)
117 silly packumentCache full:https://registry.npmjs.org/proper-lockfile set size:undefined disposed:false
118 silly fetch manifest std-env@3.10.0
119 silly packumentCache full:https://registry.npmjs.org/std-env cache-miss
120 http fetch GET 200 https://registry.npmjs.org/http-status-codes 56ms (cache miss)
121 silly packumentCache full:https://registry.npmjs.org/http-status-codes set size:undefined disposed:false
122 silly fetch manifest valibot@1.2.0
123 silly packumentCache full:https://registry.npmjs.org/valibot cache-miss
124 http fetch GET 200 https://registry.npmjs.org/pathe 48ms (cache miss)
125 silly packumentCache full:https://registry.npmjs.org/pathe set size:undefined disposed:false
126 silly fetch manifest zeptomatch@2.1.0
127 silly packumentCache full:https://registry.npmjs.org/zeptomatch cache-miss
128 http fetch GET 200 https://registry.npmjs.org/hono 72ms (cache miss)
129 silly packumentCache full:https://registry.npmjs.org/hono set size:undefined disposed:false
130 silly fetch manifest @prisma/debug@7.6.0
131 silly packumentCache full:https://registry.npmjs.org/@prisma%2fdebug cache-miss
132 http fetch GET 200 https://registry.npmjs.org/@prisma%2fstreams-local 135ms (cache miss)
133 silly packumentCache full:https://registry.npmjs.org/@prisma%2fstreams-local set size:undefined disposed:false
134 silly fetch manifest @prisma/fetch-engine@7.6.0
135 silly packumentCache full:https://registry.npmjs.org/@prisma%2ffetch-engine cache-miss
136 http fetch GET 200 https://registry.npmjs.org/foreground-child 136ms (cache miss)
137 silly packumentCache full:https://registry.npmjs.org/foreground-child set size:undefined disposed:false
138 silly fetch manifest @prisma/get-platform@7.6.0
139 silly packumentCache full:https://registry.npmjs.org/@prisma%2fget-platform cache-miss
140 http fetch GET 200 https://registry.npmjs.org/get-port-please 137ms (cache miss)
141 silly packumentCache full:https://registry.npmjs.org/get-port-please set size:undefined disposed:false
142 silly fetch manifest @prisma/engines-version@7.6.0-1.75cbdc1eb7150937890ad5465d861175c6624711
143 silly packumentCache full:https://registry.npmjs.org/@prisma%2fengines-version cache-miss
144 http fetch GET 200 https://registry.npmjs.org/@electric-sql%2fpglite-tools 138ms (cache miss)
145 silly packumentCache full:https://registry.npmjs.org/@electric-sql%2fpglite-tools set size:undefined disposed:false
146 silly fetch manifest @radix-ui/react-toggle@1.1.10
147 silly packumentCache full:https://registry.npmjs.org/@radix-ui%2freact-toggle cache-miss
148 http fetch GET 200 https://registry.npmjs.org/@hono%2fnode-server 140ms (cache miss)
149 silly packumentCache full:https://registry.npmjs.org/@hono%2fnode-server set size:undefined disposed:false
150 silly fetch manifest chart.js@4.5.1
151 silly packumentCache full:https://registry.npmjs.org/chart.js cache-miss
152 http fetch GET 200 https://registry.npmjs.org/std-env 44ms (cache miss)
153 silly packumentCache full:https://registry.npmjs.org/std-env set size:undefined disposed:false
154 silly fetch manifest long@^5.2.1
155 silly packumentCache full:https://registry.npmjs.org/long cache-miss
156 http fetch GET 200 https://registry.npmjs.org/remeda 80ms (cache miss)
157 silly packumentCache full:https://registry.npmjs.org/remeda set size:undefined disposed:false
158 silly fetch manifest denque@^2.1.0
159 silly packumentCache full:https://registry.npmjs.org/denque cache-miss
160 http fetch GET 200 https://registry.npmjs.org/effect 148ms (cache miss)
161 silly packumentCache full:https://registry.npmjs.org/effect set size:undefined disposed:false
162 silly fetch manifest lru.min@^1.0.0
163 silly packumentCache full:https://registry.npmjs.org/lru.min cache-miss
164 http fetch GET 200 https://registry.npmjs.org/zeptomatch 70ms (cache miss)
165 silly packumentCache full:https://registry.npmjs.org/zeptomatch set size:undefined disposed:false
166 silly fetch manifest seq-queue@^0.0.5
167 silly packumentCache full:https://registry.npmjs.org/seq-queue cache-miss
168 http fetch GET 200 https://registry.npmjs.org/valibot 75ms (cache miss)
169 silly packumentCache full:https://registry.npmjs.org/valibot set size:undefined disposed:false
170 silly fetch manifest sqlstring@^2.3.2
171 silly packumentCache full:https://registry.npmjs.org/sqlstring cache-miss
172 http fetch GET 200 https://registry.npmjs.org/@prisma%2fquery-plan-executor 182ms (cache miss)
173 silly packumentCache full:https://registry.npmjs.org/@prisma%2fquery-plan-executor set size:undefined disposed:false
174 silly fetch manifest iconv-lite@^0.7.0
175 silly packumentCache full:https://registry.npmjs.org/iconv-lite cache-miss
176 http fetch GET 200 https://registry.npmjs.org/long 54ms (cache miss)
177 silly packumentCache full:https://registry.npmjs.org/long set size:undefined disposed:false
178 silly fetch manifest aws-ssl-profiles@^1.1.1
179 silly packumentCache full:https://registry.npmjs.org/aws-ssl-profiles cache-miss
180 http fetch GET 200 https://registry.npmjs.org/denque 80ms (cache miss)
181 silly packumentCache full:https://registry.npmjs.org/denque set size:undefined disposed:false
182 silly fetch manifest generate-function@^2.3.1
183 silly packumentCache full:https://registry.npmjs.org/generate-function cache-miss
184 http fetch GET 200 https://registry.npmjs.org/chart.js 101ms (cache miss)
185 silly packumentCache full:https://registry.npmjs.org/chart.js set size:undefined disposed:false
186 silly fetch manifest named-placeholders@^1.1.3
187 silly packumentCache full:https://registry.npmjs.org/named-placeholders cache-miss
188 http fetch GET 200 https://registry.npmjs.org/lru.min 87ms (cache miss)
189 silly packumentCache full:https://registry.npmjs.org/lru.min set size:undefined disposed:false
190 http fetch GET 200 https://registry.npmjs.org/seq-queue 87ms (cache miss)
191 silly packumentCache full:https://registry.npmjs.org/seq-queue set size:undefined disposed:false
192 http fetch GET 200 https://registry.npmjs.org/sqlstring 83ms (cache miss)
193 silly packumentCache full:https://registry.npmjs.org/sqlstring set size:undefined disposed:false
194 http fetch GET 200 https://registry.npmjs.org/aws-ssl-profiles 74ms (cache miss)
195 silly packumentCache full:https://registry.npmjs.org/aws-ssl-profiles set size:undefined disposed:false
196 http fetch GET 200 https://registry.npmjs.org/generate-function 68ms (cache miss)
197 silly packumentCache full:https://registry.npmjs.org/generate-function set size:undefined disposed:false
198 http fetch GET 200 https://registry.npmjs.org/@radix-ui%2freact-toggle 175ms (cache miss)
199 silly packumentCache full:https://registry.npmjs.org/@radix-ui%2freact-toggle set size:undefined disposed:false
200 http fetch GET 200 https://registry.npmjs.org/named-placeholders 82ms (cache miss)
201 silly packumentCache full:https://registry.npmjs.org/named-placeholders set size:undefined disposed:false
202 http fetch GET 200 https://registry.npmjs.org/iconv-lite 299ms (cache miss)
203 silly packumentCache full:https://registry.npmjs.org/iconv-lite set size:undefined disposed:false
204 http fetch GET 200 https://registry.npmjs.org/@prisma%2ffetch-engine 1429ms (cache miss)
205 silly packumentCache full:https://registry.npmjs.org/@prisma%2ffetch-engine set size:undefined disposed:false
206 http fetch GET 200 https://registry.npmjs.org/@prisma%2fengines-version 1812ms (cache miss)
207 silly packumentCache full:https://registry.npmjs.org/@prisma%2fengines-version set size:undefined disposed:false
208 http fetch GET 200 https://registry.npmjs.org/@prisma%2fget-platform 1859ms (cache miss)
209 silly packumentCache full:https://registry.npmjs.org/@prisma%2fget-platform set size:undefined disposed:false
210 http fetch GET 200 https://registry.npmjs.org/@prisma%2fget-platform 2124ms (cache miss)
211 silly packumentCache full:https://registry.npmjs.org/@prisma%2fget-platform set size:undefined disposed:false
212 http fetch GET 200 https://registry.npmjs.org/@prisma%2fdebug 2125ms (cache miss)
213 silly packumentCache full:https://registry.npmjs.org/@prisma%2fdebug set size:undefined disposed:false
214 silly fetch manifest magicast@^0.3.5
215 silly packumentCache full:https://registry.npmjs.org/magicast cache-miss
216 http fetch GET 200 https://registry.npmjs.org/magicast 54ms (cache miss)
217 silly packumentCache full:https://registry.npmjs.org/magicast set size:undefined disposed:false
218 silly placeDep ROOT c12@3.1.0 OK for: @prisma/config@7.6.0 want: 3.1.0
219 silly placeDep ROOT deepmerge-ts@7.1.5 OK for: @prisma/config@7.6.0 want: 7.1.5
220 silly placeDep ROOT effect@3.20.0 OK for: @prisma/config@7.6.0 want: 3.20.0
221 silly placeDep ROOT empathic@2.0.0 OK for: @prisma/config@7.6.0 want: 2.0.0
222 silly fetch manifest rc9@^2.1.2
223 silly packumentCache full:https://registry.npmjs.org/rc9 cache-miss
224 silly fetch manifest defu@^6.1.4
225 silly packumentCache full:https://registry.npmjs.org/defu cache-miss
226 silly fetch manifest jiti@^2.4.2
227 silly packumentCache full:https://registry.npmjs.org/jiti cache-miss
228 silly fetch manifest giget@^2.0.0
229 silly packumentCache full:https://registry.npmjs.org/giget cache-miss
230 silly fetch manifest ohash@^2.0.11
231 silly packumentCache full:https://registry.npmjs.org/ohash cache-miss
232 silly fetch manifest pathe@^2.0.3
233 silly packumentCache full:https://registry.npmjs.org/pathe cache-miss
234 silly fetch manifest dotenv@^16.6.1
235 silly packumentCache full:https://registry.npmjs.org/dotenv cache-miss
236 silly fetch manifest confbox@^0.2.2
237 silly packumentCache full:https://registry.npmjs.org/confbox cache-miss
238 silly fetch manifest exsolve@^1.0.7
239 silly packumentCache full:https://registry.npmjs.org/exsolve cache-miss
240 silly fetch manifest chokidar@^4.0.3
241 silly packumentCache full:https://registry.npmjs.org/chokidar cache-miss
242 silly fetch manifest pkg-types@^2.2.0
243 silly packumentCache full:https://registry.npmjs.org/pkg-types cache-miss
244 silly fetch manifest perfect-debounce@^1.0.0
245 silly packumentCache full:https://registry.npmjs.org/perfect-debounce cache-miss
246 silly fetch manifest fast-check@^3.23.1
247 silly packumentCache full:https://registry.npmjs.org/fast-check cache-miss
248 http cache https://registry.npmjs.org/pathe 6ms (cache hit)
249 silly packumentCache full:https://registry.npmjs.org/pathe set size:68788 disposed:false
250 silly fetch manifest @standard-schema/spec@^1.0.0
251 silly packumentCache full:https://registry.npmjs.org/@standard-schema%2fspec cache-miss
252 http fetch GET 200 https://registry.npmjs.org/confbox 36ms (cache miss)
253 silly packumentCache full:https://registry.npmjs.org/confbox set size:undefined disposed:false
254 http fetch GET 200 https://registry.npmjs.org/perfect-debounce 42ms (cache miss)
255 silly packumentCache full:https://registry.npmjs.org/perfect-debounce set size:undefined disposed:false
256 http fetch GET 200 https://registry.npmjs.org/giget 43ms (cache miss)
257 silly packumentCache full:https://registry.npmjs.org/giget set size:undefined disposed:false
258 http fetch GET 200 https://registry.npmjs.org/pkg-types 44ms (cache miss)
259 silly packumentCache full:https://registry.npmjs.org/pkg-types set size:undefined disposed:false
260 http fetch GET 200 https://registry.npmjs.org/defu 49ms (cache miss)
261 silly packumentCache full:https://registry.npmjs.org/defu set size:undefined disposed:false
262 http fetch GET 200 https://registry.npmjs.org/chokidar 49ms (cache miss)
263 silly packumentCache full:https://registry.npmjs.org/chokidar set size:undefined disposed:false
264 http fetch GET 200 https://registry.npmjs.org/exsolve 51ms (cache miss)
265 silly packumentCache full:https://registry.npmjs.org/exsolve set size:undefined disposed:false
266 http fetch GET 200 https://registry.npmjs.org/ohash 53ms (cache miss)
267 silly packumentCache full:https://registry.npmjs.org/ohash set size:undefined disposed:false
268 http fetch GET 200 https://registry.npmjs.org/rc9 55ms (cache miss)
269 silly packumentCache full:https://registry.npmjs.org/rc9 set size:undefined disposed:false
270 http fetch GET 200 https://registry.npmjs.org/@standard-schema%2fspec 49ms (cache miss)
271 silly packumentCache full:https://registry.npmjs.org/@standard-schema%2fspec set size:undefined disposed:false
272 http fetch GET 200 https://registry.npmjs.org/dotenv 56ms (cache miss)
273 silly packumentCache full:https://registry.npmjs.org/dotenv set size:undefined disposed:false
274 http fetch GET 200 https://registry.npmjs.org/jiti 60ms (cache miss)
275 silly packumentCache full:https://registry.npmjs.org/jiti set size:undefined disposed:false
276 http fetch GET 200 https://registry.npmjs.org/fast-check 62ms (cache miss)
277 silly packumentCache full:https://registry.npmjs.org/fast-check set size:undefined disposed:false
278 silly fetch manifest typescript@>=5
279 silly packumentCache full:https://registry.npmjs.org/typescript cache-miss
280 http cache https://registry.npmjs.org/typescript 14ms (cache hit)
281 silly packumentCache full:https://registry.npmjs.org/typescript set size:15395755 disposed:false
282 silly placeDep ROOT @electric-sql/pglite@0.4.1 OK for: @prisma/dev@0.24.3 want: 0.4.1
283 silly placeDep ROOT @electric-sql/pglite-socket@0.1.1 OK for: @prisma/dev@0.24.3 want: 0.1.1
284 silly placeDep ROOT @electric-sql/pglite-tools@0.3.1 OK for: @prisma/dev@0.24.3 want: 0.3.1
285 silly placeDep ROOT @hono/node-server@1.19.11 OK for: @prisma/dev@0.24.3 want: 1.19.11
286 silly placeDep ROOT hono@4.12.9 OK for: @hono/node-server@1.19.11 want: ^4
287 silly placeDep ROOT @prisma/get-platform@7.2.0 OK for: @prisma/dev@0.24.3 want: 7.2.0
288 silly placeDep ROOT @prisma/query-plan-executor@7.2.0 OK for: @prisma/dev@0.24.3 want: 7.2.0
289 silly placeDep ROOT @prisma/streams-local@0.1.2 OK for: @prisma/dev@0.24.3 want: 0.1.2
290 silly placeDep ROOT foreground-child@3.3.1 OK for: @prisma/dev@0.24.3 want: 3.3.1
291 silly placeDep ROOT get-port-please@3.2.0 OK for: @prisma/dev@0.24.3 want: 3.2.0
292 silly placeDep ROOT http-status-codes@2.3.0 OK for: @prisma/dev@0.24.3 want: 2.3.0
293 silly placeDep ROOT pathe@2.0.3 OK for: @prisma/dev@0.24.3 want: 2.0.3
294 silly placeDep ROOT proper-lockfile@4.1.2 OK for: @prisma/dev@0.24.3 want: 4.1.2
295 silly placeDep ROOT remeda@2.33.4 OK for: @prisma/dev@0.24.3 want: 2.33.4
296 silly placeDep ROOT std-env@3.10.0 OK for: @prisma/dev@0.24.3 want: 3.10.0
297 silly placeDep ROOT valibot@1.2.0 OK for: @prisma/dev@0.24.3 want: 1.2.0
298 silly placeDep ROOT zeptomatch@2.1.0 OK for: @prisma/dev@0.24.3 want: 2.1.0
299 silly fetch manifest @prisma/debug@7.2.0
300 silly packumentCache full:https://registry.npmjs.org/@prisma%2fdebug cache-miss
301 silly fetch manifest ajv@^8.12.0
302 silly packumentCache full:https://registry.npmjs.org/ajv cache-miss
303 silly fetch manifest better-result@^2.7.0
304 silly packumentCache full:https://registry.npmjs.org/better-result cache-miss
305 silly fetch manifest env-paths@^3.0.0
306 silly packumentCache full:https://registry.npmjs.org/env-paths cache-miss
307 silly fetch manifest proper-lockfile@^4.1.2
308 silly packumentCache full:https://registry.npmjs.org/proper-lockfile cache-miss
309 silly fetch manifest cross-spawn@^7.0.6
310 silly packumentCache full:https://registry.npmjs.org/cross-spawn cache-miss
311 silly fetch manifest signal-exit@^4.0.1
312 silly packumentCache full:https://registry.npmjs.org/signal-exit cache-miss
313 silly fetch manifest retry@^0.12.0
314 silly packumentCache full:https://registry.npmjs.org/retry cache-miss
315 silly fetch manifest signal-exit@^3.0.2
316 silly packumentCache full:https://registry.npmjs.org/signal-exit cache-miss
317 silly fetch manifest grammex@^3.1.11
318 silly packumentCache full:https://registry.npmjs.org/grammex cache-miss
319 silly fetch manifest graphmatch@^1.1.0
320 silly packumentCache full:https://registry.npmjs.org/graphmatch cache-miss
321 http cache https://registry.npmjs.org/proper-lockfile 5ms (cache hit)
322 silly packumentCache full:https://registry.npmjs.org/proper-lockfile set size:82421 disposed:false
323 http cache https://registry.npmjs.org/@prisma%2fdebug 24ms (cache hit)
324 silly packumentCache full:https://registry.npmjs.org/@prisma%2fdebug set size:28610877 disposed:false
325 http fetch GET 200 https://registry.npmjs.org/retry 110ms (cache miss)
326 silly packumentCache full:https://registry.npmjs.org/retry set size:undefined disposed:false
327 http fetch GET 200 https://registry.npmjs.org/graphmatch 111ms (cache miss)
328 silly packumentCache full:https://registry.npmjs.org/graphmatch set size:undefined disposed:false
329 http fetch GET 200 https://registry.npmjs.org/env-paths 111ms (cache miss)
330 silly packumentCache full:https://registry.npmjs.org/env-paths set size:undefined disposed:false
331 http fetch GET 200 https://registry.npmjs.org/better-result 111ms (cache miss)
332 silly packumentCache full:https://registry.npmjs.org/better-result set size:undefined disposed:false
333 http fetch GET 200 https://registry.npmjs.org/grammex 136ms (cache miss)
334 silly packumentCache full:https://registry.npmjs.org/grammex set size:undefined disposed:false
335 http fetch GET 200 https://registry.npmjs.org/cross-spawn 136ms (cache miss)
336 silly packumentCache full:https://registry.npmjs.org/cross-spawn set size:undefined disposed:false
337 http fetch GET 200 https://registry.npmjs.org/signal-exit 360ms (cache miss)
338 silly packumentCache full:https://registry.npmjs.org/signal-exit set size:undefined disposed:false
339 http fetch GET 200 https://registry.npmjs.org/ajv 365ms (cache miss)
340 silly packumentCache full:https://registry.npmjs.org/ajv set size:undefined disposed:false
341 http fetch GET 200 https://registry.npmjs.org/signal-exit 781ms (cache miss)
342 silly packumentCache full:https://registry.npmjs.org/signal-exit set size:undefined disposed:false
343 silly placeDep ROOT @prisma/debug@7.6.0 OK for: @prisma/engines@7.6.0 want: 7.6.0
344 silly placeDep ROOT @prisma/engines-version@7.6.0-1.75cbdc1eb7150937890ad5465d861175c6624711 OK for: @prisma/engines@7.6.0 want: 7.6.0-1.75cbdc1eb7150937890ad5465d861175c6624711
345 silly placeDep ROOT @prisma/fetch-engine@7.6.0 OK for: @prisma/engines@7.6.0 want: 7.6.0
346 silly placeDep node_modules/@prisma/engines @prisma/get-platform@7.6.0 OK for: @prisma/engines@7.6.0 want: 7.6.0
347 silly placeDep node_modules/@prisma/fetch-engine @prisma/get-platform@7.6.0 OK for: @prisma/fetch-engine@7.6.0 want: 7.6.0
348 silly placeDep node_modules/@prisma/get-platform @prisma/debug@7.2.0 OK for: @prisma/get-platform@7.2.0 want: 7.2.0
349 silly placeDep ROOT ajv@8.18.0 OK for: @prisma/streams-local@0.1.2 want: ^8.12.0
350 silly placeDep ROOT better-result@2.7.0 OK for: @prisma/streams-local@0.1.2 want: ^2.7.0
351 silly placeDep ROOT env-paths@3.0.0 OK for: @prisma/streams-local@0.1.2 want: ^3.0.0
352 silly fetch manifest fast-uri@^3.0.1
353 silly packumentCache full:https://registry.npmjs.org/fast-uri cache-miss
354 silly fetch manifest fast-deep-equal@^3.1.3
355 silly packumentCache full:https://registry.npmjs.org/fast-deep-equal cache-miss
356 silly fetch manifest require-from-string@^2.0.2
357 silly packumentCache full:https://registry.npmjs.org/require-from-string cache-miss
358 silly fetch manifest json-schema-traverse@^1.0.0
359 silly packumentCache full:https://registry.npmjs.org/json-schema-traverse cache-miss
360 silly fetch manifest @clack/prompts@^0.11.0
361 silly packumentCache full:https://registry.npmjs.org/@clack%2fprompts cache-miss
362 http fetch GET 200 https://registry.npmjs.org/fast-uri 43ms (cache miss)
363 silly packumentCache full:https://registry.npmjs.org/fast-uri set size:undefined disposed:false
364 http fetch GET 200 https://registry.npmjs.org/require-from-string 44ms (cache miss)
365 silly packumentCache full:https://registry.npmjs.org/require-from-string set size:undefined disposed:false
366 http fetch GET 200 https://registry.npmjs.org/json-schema-traverse 44ms (cache miss)
367 silly packumentCache full:https://registry.npmjs.org/json-schema-traverse set size:undefined disposed:false
368 http fetch GET 200 https://registry.npmjs.org/fast-deep-equal 44ms (cache miss)
369 silly packumentCache full:https://registry.npmjs.org/fast-deep-equal set size:undefined disposed:false
370 http fetch GET 200 https://registry.npmjs.org/@clack%2fprompts 80ms (cache miss)
371 silly packumentCache full:https://registry.npmjs.org/@clack%2fprompts set size:undefined disposed:false
372 silly fetch manifest @types/react-dom@*
373 silly packumentCache full:https://registry.npmjs.org/@types%2freact-dom cache-miss
374 http fetch GET 200 https://registry.npmjs.org/@types%2freact-dom 74ms (cache revalidated)
375 silly packumentCache full:https://registry.npmjs.org/@types%2freact-dom set size:429026 disposed:false
376 silly placeDep ROOT @radix-ui/react-toggle@1.1.10 OK for: @prisma/studio-core@0.27.3 want: 1.1.10
377 silly placeDep ROOT chart.js@4.5.1 OK for: @prisma/studio-core@0.27.3 want: 4.5.1
378 silly fetch manifest @radix-ui/primitive@1.1.3
379 silly packumentCache full:https://registry.npmjs.org/@radix-ui%2fprimitive cache-miss
380 silly fetch manifest @radix-ui/react-primitive@2.1.3
381 silly packumentCache full:https://registry.npmjs.org/@radix-ui%2freact-primitive cache-miss
382 silly fetch manifest @radix-ui/react-use-controllable-state@1.2.2
383 silly packumentCache full:https://registry.npmjs.org/@radix-ui%2freact-use-controllable-state cache-miss
384 silly fetch manifest @kurkle/color@^0.3.0
385 silly packumentCache full:https://registry.npmjs.org/@kurkle%2fcolor cache-miss
386 http fetch GET 200 https://registry.npmjs.org/@kurkle%2fcolor 59ms (cache miss)
387 silly packumentCache full:https://registry.npmjs.org/@kurkle%2fcolor set size:undefined disposed:false
388 http fetch GET 200 https://registry.npmjs.org/@radix-ui%2fprimitive 60ms (cache miss)
389 silly packumentCache full:https://registry.npmjs.org/@radix-ui%2fprimitive set size:undefined disposed:false
390 http fetch GET 200 https://registry.npmjs.org/@radix-ui%2freact-use-controllable-state 88ms (cache miss)
391 silly packumentCache full:https://registry.npmjs.org/@radix-ui%2freact-use-controllable-state set size:undefined disposed:false
392 http fetch GET 200 https://registry.npmjs.org/@radix-ui%2freact-primitive 116ms (cache miss)
393 silly packumentCache full:https://registry.npmjs.org/@radix-ui%2freact-primitive set size:undefined disposed:false
394 silly fetch manifest @types/react@*
395 silly packumentCache full:https://registry.npmjs.org/@types%2freact cache-miss
396 http cache https://registry.npmjs.org/@types%2freact 3ms (cache hit)
397 silly packumentCache full:https://registry.npmjs.org/@types%2freact set size:2588986 disposed:false
398 silly fetch manifest react@^16.8 || ^17.0 || ^18.0 || ^19.0 || ^19.0.0-rc
399 silly packumentCache full:https://registry.npmjs.org/react cache-miss
400 http cache https://registry.npmjs.org/react 6ms (cache hit)
401 silly packumentCache full:https://registry.npmjs.org/react set size:6569208 disposed:false
402 silly fetch manifest react-dom@^16.8 || ^17.0 || ^18.0 || ^19.0 || ^19.0.0-rc
403 silly packumentCache full:https://registry.npmjs.org/react-dom cache-miss
404 http cache https://registry.npmjs.org/react-dom 9ms (cache hit)
405 silly packumentCache full:https://registry.npmjs.org/react-dom set size:8729087 disposed:false
406 silly placeDep ROOT @radix-ui/primitive@1.1.3 OK for: @radix-ui/react-toggle@1.1.10 want: 1.1.3
407 silly placeDep ROOT @radix-ui/react-primitive@2.1.3 OK for: @radix-ui/react-toggle@1.1.10 want: 2.1.3
408 silly placeDep ROOT @radix-ui/react-use-controllable-state@1.2.2 OK for: @radix-ui/react-toggle@1.1.10 want: 1.2.2
409 silly fetch manifest @radix-ui/react-slot@1.2.3
410 silly packumentCache full:https://registry.npmjs.org/@radix-ui%2freact-slot cache-miss
411 silly fetch manifest @radix-ui/react-use-effect-event@0.0.2
412 silly packumentCache full:https://registry.npmjs.org/@radix-ui%2freact-use-effect-event cache-miss
413 silly fetch manifest @radix-ui/react-use-layout-effect@1.1.1
414 silly packumentCache full:https://registry.npmjs.org/@radix-ui%2freact-use-layout-effect cache-miss
415 http fetch GET 200 https://registry.npmjs.org/@radix-ui%2freact-use-effect-event 53ms (cache miss)
416 silly packumentCache full:https://registry.npmjs.org/@radix-ui%2freact-use-effect-event set size:undefined disposed:false
417 http fetch GET 200 https://registry.npmjs.org/@radix-ui%2freact-use-layout-effect 80ms (cache miss)
418 silly packumentCache full:https://registry.npmjs.org/@radix-ui%2freact-use-layout-effect set size:undefined disposed:false
419 http fetch GET 200 https://registry.npmjs.org/@radix-ui%2freact-slot 81ms (cache miss)
420 silly packumentCache full:https://registry.npmjs.org/@radix-ui%2freact-slot set size:undefined disposed:false
421 silly placeDep ROOT @radix-ui/react-slot@1.2.3 OK for: @radix-ui/react-primitive@2.1.3 want: 1.2.3
422 silly fetch manifest @radix-ui/react-compose-refs@1.1.2
423 silly packumentCache full:https://registry.npmjs.org/@radix-ui%2freact-compose-refs cache-miss
424 http fetch GET 200 https://registry.npmjs.org/@radix-ui%2freact-compose-refs 67ms (cache miss)
425 silly packumentCache full:https://registry.npmjs.org/@radix-ui%2freact-compose-refs set size:undefined disposed:false
426 silly placeDep ROOT @radix-ui/react-compose-refs@1.1.2 OK for: @radix-ui/react-slot@1.2.3 want: 1.1.2
427 silly placeDep ROOT @radix-ui/react-use-effect-event@0.0.2 OK for: @radix-ui/react-use-controllable-state@1.2.2 want: 0.0.2
428 silly placeDep ROOT @radix-ui/react-use-layout-effect@1.1.1 OK for: @radix-ui/react-use-controllable-state@1.2.2 want: 1.1.1
429 silly placeDep ROOT fast-deep-equal@3.1.3 OK for: ajv@8.18.0 want: ^3.1.3
430 silly placeDep ROOT fast-uri@3.1.0 OK for: ajv@8.18.0 want: ^3.0.1
431 silly placeDep ROOT json-schema-traverse@1.0.0 OK for: ajv@8.18.0 want: ^1.0.0
432 silly placeDep ROOT require-from-string@2.0.2 OK for: ajv@8.18.0 want: ^2.0.2
433 silly placeDep ROOT @clack/prompts@0.11.0 OK for: better-result@2.7.0 want: ^0.11.0
434 silly fetch manifest sisteransi@^1.0.5
435 silly packumentCache full:https://registry.npmjs.org/sisteransi cache-miss
436 silly fetch manifest @clack/core@0.5.0
437 silly packumentCache full:https://registry.npmjs.org/@clack%2fcore cache-miss
438 http fetch GET 200 https://registry.npmjs.org/sisteransi 34ms (cache miss)
439 silly packumentCache full:https://registry.npmjs.org/sisteransi set size:undefined disposed:false
440 http fetch GET 200 https://registry.npmjs.org/@clack%2fcore 58ms (cache miss)
441 silly packumentCache full:https://registry.npmjs.org/@clack%2fcore set size:undefined disposed:false
442 silly placeDep ROOT @clack/core@0.5.0 OK for: @clack/prompts@0.11.0 want: 0.5.0
443 silly placeDep ROOT sisteransi@1.0.5 OK for: @clack/prompts@0.11.0 want: ^1.0.5
444 silly placeDep ROOT chokidar@4.0.3 OK for: c12@3.1.0 want: ^4.0.3
445 silly placeDep ROOT confbox@0.2.4 OK for: c12@3.1.0 want: ^0.2.2
446 silly placeDep ROOT defu@6.1.4 OK for: c12@3.1.0 want: ^6.1.4
447 silly placeDep ROOT dotenv@16.6.1 OK for: c12@3.1.0 want: ^16.6.1
448 silly placeDep ROOT exsolve@1.0.8 OK for: c12@3.1.0 want: ^1.0.7
449 silly placeDep ROOT giget@2.0.0 OK for: c12@3.1.0 want: ^2.0.0
450 silly placeDep ROOT jiti@2.6.1 OK for: c12@3.1.0 want: ^2.4.2
451 silly placeDep ROOT ohash@2.0.11 OK for: c12@3.1.0 want: ^2.0.11
452 silly placeDep ROOT perfect-debounce@1.0.0 OK for: c12@3.1.0 want: ^1.0.0
453 silly placeDep ROOT pkg-types@2.3.0 OK for: c12@3.1.0 want: ^2.2.0
454 silly placeDep ROOT rc9@2.1.2 OK for: c12@3.1.0 want: ^2.1.2
455 silly fetch manifest readdirp@^4.0.1
456 silly packumentCache full:https://registry.npmjs.org/readdirp cache-miss
457 silly fetch manifest nypm@^0.6.0
458 silly packumentCache full:https://registry.npmjs.org/nypm cache-miss
459 silly fetch manifest citty@^0.1.6
460 silly packumentCache full:https://registry.npmjs.org/citty cache-miss
461 silly fetch manifest consola@^3.4.0
462 silly packumentCache full:https://registry.npmjs.org/consola cache-miss
463 silly fetch manifest node-fetch-native@^1.6.6
464 silly packumentCache full:https://registry.npmjs.org/node-fetch-native cache-miss
465 silly fetch manifest destr@^2.0.3
466 silly packumentCache full:https://registry.npmjs.org/destr cache-miss
467 http fetch GET 200 https://registry.npmjs.org/nypm 49ms (cache miss)
468 silly packumentCache full:https://registry.npmjs.org/nypm set size:undefined disposed:false
469 http fetch GET 200 https://registry.npmjs.org/readdirp 50ms (cache miss)
470 silly packumentCache full:https://registry.npmjs.org/readdirp set size:undefined disposed:false
471 http fetch GET 200 https://registry.npmjs.org/citty 51ms (cache miss)
472 silly packumentCache full:https://registry.npmjs.org/citty set size:undefined disposed:false
473 http fetch GET 200 https://registry.npmjs.org/destr 50ms (cache miss)
474 silly packumentCache full:https://registry.npmjs.org/destr set size:undefined disposed:false
475 http fetch GET 200 https://registry.npmjs.org/node-fetch-native 65ms (cache miss)
476 silly packumentCache full:https://registry.npmjs.org/node-fetch-native set size:undefined disposed:false
477 http fetch GET 200 https://registry.npmjs.org/consola 67ms (cache miss)
478 silly packumentCache full:https://registry.npmjs.org/consola set size:undefined disposed:false
479 silly placeDep ROOT @kurkle/color@0.3.4 OK for: chart.js@4.5.1 want: ^0.3.0
480 silly placeDep ROOT readdirp@4.1.2 OK for: chokidar@4.0.3 want: ^4.0.1
481 silly placeDep ROOT @standard-schema/spec@1.1.0 OK for: effect@3.20.0 want: ^1.0.0
482 silly placeDep ROOT fast-check@3.23.2 OK for: effect@3.20.0 want: ^3.23.1
483 silly fetch manifest pure-rand@^6.1.0
484 silly packumentCache full:https://registry.npmjs.org/pure-rand cache-miss
485 http fetch GET 200 https://registry.npmjs.org/pure-rand 85ms (cache miss)
486 silly packumentCache full:https://registry.npmjs.org/pure-rand set size:undefined disposed:false
487 silly placeDep ROOT pure-rand@6.1.0 OK for: fast-check@3.23.2 want: ^6.1.0
488 silly placeDep ROOT cross-spawn@7.0.6 OK for: foreground-child@3.3.1 want: ^7.0.6
489 silly placeDep ROOT signal-exit@4.1.0 OK for: foreground-child@3.3.1 want: ^4.0.1
490 silly fetch manifest which@^2.0.1
491 silly packumentCache full:https://registry.npmjs.org/which cache-miss
492 silly fetch manifest path-key@^3.1.0
493 silly packumentCache full:https://registry.npmjs.org/path-key cache-miss
494 silly fetch manifest shebang-command@^2.0.0
495 silly packumentCache full:https://registry.npmjs.org/shebang-command cache-miss
496 http fetch GET 200 https://registry.npmjs.org/shebang-command 49ms (cache miss)
497 silly packumentCache full:https://registry.npmjs.org/shebang-command set size:undefined disposed:false
498 http fetch GET 200 https://registry.npmjs.org/path-key 50ms (cache miss)
499 silly packumentCache full:https://registry.npmjs.org/path-key set size:undefined disposed:false
500 http fetch GET 200 https://registry.npmjs.org/which 51ms (cache miss)
501 silly packumentCache full:https://registry.npmjs.org/which set size:undefined disposed:false
502 silly placeDep ROOT path-key@3.1.1 OK for: cross-spawn@7.0.6 want: ^3.1.0
503 silly placeDep ROOT shebang-command@2.0.0 OK for: cross-spawn@7.0.6 want: ^2.0.0
504 silly placeDep ROOT which@2.0.2 OK for: cross-spawn@7.0.6 want: ^2.0.1
505 silly fetch manifest shebang-regex@^3.0.0
506 silly packumentCache full:https://registry.npmjs.org/shebang-regex cache-miss
507 silly fetch manifest isexe@^2.0.0
508 silly packumentCache full:https://registry.npmjs.org/isexe cache-miss
509 http fetch GET 200 https://registry.npmjs.org/shebang-regex 41ms (cache miss)
510 silly packumentCache full:https://registry.npmjs.org/shebang-regex set size:undefined disposed:false
511 http fetch GET 200 https://registry.npmjs.org/isexe 43ms (cache miss)
512 silly packumentCache full:https://registry.npmjs.org/isexe set size:undefined disposed:false
513 silly placeDep ROOT citty@0.1.6 OK for: giget@2.0.0 want: ^0.1.6
514 silly placeDep ROOT consola@3.4.2 OK for: giget@2.0.0 want: ^3.4.0
515 silly placeDep ROOT node-fetch-native@1.6.7 OK for: giget@2.0.0 want: ^1.6.6
516 silly placeDep ROOT nypm@0.6.5 OK for: giget@2.0.0 want: ^0.6.0
517 silly fetch manifest consola@^3.2.3
518 silly packumentCache full:https://registry.npmjs.org/consola cache-miss
519 silly fetch manifest citty@^0.2.0
520 silly packumentCache full:https://registry.npmjs.org/citty cache-miss
521 silly fetch manifest tinyexec@^1.0.2
522 silly packumentCache full:https://registry.npmjs.org/tinyexec cache-miss
523 http cache https://registry.npmjs.org/citty 1ms (cache hit)
524 silly packumentCache full:https://registry.npmjs.org/citty set size:31399 disposed:false
525 http cache https://registry.npmjs.org/consola 3ms (cache hit)
526 silly packumentCache full:https://registry.npmjs.org/consola set size:324648 disposed:false
527 http fetch GET 200 https://registry.npmjs.org/tinyexec 34ms (cache miss)
528 silly packumentCache full:https://registry.npmjs.org/tinyexec set size:undefined disposed:false
529 silly placeDep ROOT aws-ssl-profiles@1.1.2 OK for: mysql2@3.15.3 want: ^1.1.1
530 silly placeDep ROOT denque@2.1.0 OK for: mysql2@3.15.3 want: ^2.1.0
531 silly placeDep ROOT generate-function@2.3.1 OK for: mysql2@3.15.3 want: ^2.3.1
532 silly placeDep ROOT iconv-lite@0.7.2 OK for: mysql2@3.15.3 want: ^0.7.0
533 silly placeDep ROOT long@5.3.2 OK for: mysql2@3.15.3 want: ^5.2.1
534 silly placeDep ROOT lru.min@1.1.4 OK for: mysql2@3.15.3 want: ^1.0.0
535 silly placeDep ROOT named-placeholders@1.1.6 OK for: mysql2@3.15.3 want: ^1.1.3
536 silly placeDep ROOT seq-queue@0.0.5 OK for: mysql2@3.15.3 want: ^0.0.5
537 silly placeDep ROOT sqlstring@2.3.3 OK for: mysql2@3.15.3 want: ^2.3.2
538 silly fetch manifest is-property@^1.0.2
539 silly packumentCache full:https://registry.npmjs.org/is-property cache-miss
540 silly fetch manifest safer-buffer@>= 2.1.2 < 3.0.0
541 silly packumentCache full:https://registry.npmjs.org/safer-buffer cache-miss
542 http fetch GET 200 https://registry.npmjs.org/safer-buffer 251ms (cache miss)
543 silly packumentCache full:https://registry.npmjs.org/safer-buffer set size:undefined disposed:false
544 http fetch GET 200 https://registry.npmjs.org/is-property 616ms (cache miss)
545 silly packumentCache full:https://registry.npmjs.org/is-property set size:undefined disposed:false
546 silly placeDep ROOT is-property@1.0.2 OK for: generate-function@2.3.1 want: ^1.0.2
547 silly placeDep ROOT safer-buffer@2.1.2 OK for: iconv-lite@0.7.2 want: >= 2.1.2 < 3.0.0
548 silly placeDep node_modules/nypm citty@0.2.1 OK for: nypm@0.6.5 want: ^0.2.0
549 silly placeDep ROOT tinyexec@1.0.4 OK for: nypm@0.6.5 want: ^1.0.2
550 silly placeDep ROOT retry@0.12.0 OK for: proper-lockfile@4.1.2 want: ^0.12.0
551 silly placeDep node_modules/proper-lockfile signal-exit@3.0.7 OK for: proper-lockfile@4.1.2 want: ^3.0.2
552 silly placeDep ROOT destr@2.0.5 OK for: rc9@2.1.2 want: ^2.0.3
553 silly placeDep ROOT shebang-regex@3.0.0 OK for: shebang-command@2.0.0 want: ^3.0.0
554 silly placeDep ROOT isexe@2.0.0 OK for: which@2.0.2 want: ^2.0.0
555 silly placeDep ROOT grammex@3.1.12 OK for: zeptomatch@2.1.0 want: ^3.1.11
556 silly placeDep ROOT graphmatch@1.1.1 OK for: zeptomatch@2.1.0 want: ^1.1.0
557 silly reify moves {}
558 silly audit bulk request {
558 silly audit   '@next/env': [ '14.2.3' ],
558 silly audit   '@next/swc-darwin-arm64': [ '14.2.3' ],
558 silly audit   '@next/swc-darwin-x64': [ '14.2.3' ],
558 silly audit   '@next/swc-linux-arm64-gnu': [ '14.2.3' ],
558 silly audit   '@next/swc-linux-arm64-musl': [ '14.2.3' ],
558 silly audit   '@next/swc-linux-x64-gnu': [ '14.2.3' ],
558 silly audit   '@next/swc-linux-x64-musl': [ '14.2.3' ],
558 silly audit   '@next/swc-win32-arm64-msvc': [ '14.2.3' ],
558 silly audit   '@next/swc-win32-ia32-msvc': [ '14.2.3' ],
558 silly audit   '@next/swc-win32-x64-msvc': [ '14.2.3' ],
558 silly audit   '@prisma/client': [ '7.6.0' ],
558 silly audit   '@prisma/client-runtime-utils': [ '7.6.0' ],
558 silly audit   '@supabase/auth-js': [ '2.100.1' ],
558 silly audit   '@supabase/functions-js': [ '2.100.1' ],
558 silly audit   '@supabase/phoenix': [ '0.4.0' ],
558 silly audit   '@supabase/postgrest-js': [ '2.100.1' ],
558 silly audit   '@supabase/realtime-js': [ '2.100.1' ],
558 silly audit   '@supabase/ssr': [ '0.9.0' ],
558 silly audit   '@supabase/storage-js': [ '2.100.1' ],
558 silly audit   '@supabase/supabase-js': [ '2.100.1' ],
558 silly audit   '@swc/counter': [ '0.1.3' ],
558 silly audit   '@swc/helpers': [ '0.5.5' ],
558 silly audit   '@types/node': [ '25.5.0' ],
558 silly audit   '@types/react': [ '19.2.14' ],
558 silly audit   '@types/react-dom': [ '19.2.3' ],
558 silly audit   '@types/ws': [ '8.18.1' ],
558 silly audit   busboy: [ '1.6.0' ],
558 silly audit   'caniuse-lite': [ '1.0.30001781' ],
558 silly audit   'client-only': [ '0.0.1' ],
558 silly audit   cookie: [ '1.1.1' ],
558 silly audit   csstype: [ '3.2.3' ],
558 silly audit   'graceful-fs': [ '4.2.11' ],
558 silly audit   'iceberg-js': [ '0.8.1' ],
558 silly audit   'js-tokens': [ '4.0.0' ],
558 silly audit   'loose-envify': [ '1.4.0' ],
558 silly audit   nanoid: [ '3.3.11' ],
558 silly audit   next: [ '14.2.3' ],
558 silly audit   picocolors: [ '1.1.1' ],
558 silly audit   postcss: [ '8.4.31' ],
558 silly audit   react: [ '18.3.1' ],
558 silly audit   'react-dom': [ '18.3.1' ],
558 silly audit   scheduler: [ '0.23.2' ],
558 silly audit   'source-map-js': [ '1.2.1' ],
558 silly audit   streamsearch: [ '1.1.0' ],
558 silly audit   'styled-jsx': [ '5.1.1' ],
558 silly audit   tslib: [ '2.8.1' ],
558 silly audit   typescript: [ '6.0.2' ],
558 silly audit   'undici-types': [ '7.18.2' ],
558 silly audit   ws: [ '8.20.0' ],
558 silly audit   zod: [ '4.3.6' ],
558 silly audit   prisma: [ '7.6.0' ],
558 silly audit   '@prisma/config': [ '7.6.0' ],
558 silly audit   '@prisma/dev': [ '0.24.3' ],
558 silly audit   '@prisma/engines': [ '7.6.0' ],
558 silly audit   '@prisma/studio-core': [ '0.27.3' ],
558 silly audit   mysql2: [ '3.15.3' ],
558 silly audit   postgres: [ '3.4.7' ],
558 silly audit   c12: [ '3.1.0' ],
558 silly audit   'deepmerge-ts': [ '7.1.5' ],
558 silly audit   effect: [ '3.20.0' ],
558 silly audit   empathic: [ '2.0.0' ],
558 silly audit   '@electric-sql/pglite': [ '0.4.1' ],
558 silly audit   '@electric-sql/pglite-socket': [ '0.1.1' ],
558 silly audit   '@electric-sql/pglite-tools': [ '0.3.1' ],
558 silly audit   '@hono/node-server': [ '1.19.11' ],
558 silly audit   hono: [ '4.12.9' ],
558 silly audit   '@prisma/get-platform': [ '7.2.0', '7.6.0' ],
558 silly audit   '@prisma/query-plan-executor': [ '7.2.0' ],
558 silly audit   '@prisma/streams-local': [ '0.1.2' ],
558 silly audit   'foreground-child': [ '3.3.1' ],
558 silly audit   'get-port-please': [ '3.2.0' ],
558 silly audit   'http-status-codes': [ '2.3.0' ],
558 silly audit   pathe: [ '2.0.3' ],
558 silly audit   'proper-lockfile': [ '4.1.2' ],
558 silly audit   remeda: [ '2.33.4' ],
558 silly audit   'std-env': [ '3.10.0' ],
558 silly audit   valibot: [ '1.2.0' ],
558 silly audit   zeptomatch: [ '2.1.0' ],
558 silly audit   '@prisma/debug': [ '7.6.0', '7.2.0' ],
558 silly audit   '@prisma/engines-version': [ '7.6.0-1.75cbdc1eb7150937890ad5465d861175c6624711' ],
558 silly audit   '@prisma/fetch-engine': [ '7.6.0' ],
558 silly audit   ajv: [ '8.18.0' ],
558 silly audit   'better-result': [ '2.7.0' ],
558 silly audit   'env-paths': [ '3.0.0' ],
558 silly audit   '@radix-ui/react-toggle': [ '1.1.10' ],
558 silly audit   'chart.js': [ '4.5.1' ],
558 silly audit   '@radix-ui/primitive': [ '1.1.3' ],
558 silly audit   '@radix-ui/react-primitive': [ '2.1.3' ],
558 silly audit   '@radix-ui/react-use-controllable-state': [ '1.2.2' ],
558 silly audit   '@radix-ui/react-slot': [ '1.2.3' ],
558 silly audit   '@radix-ui/react-compose-refs': [ '1.1.2' ],
558 silly audit   '@radix-ui/react-use-effect-event': [ '0.0.2' ],
558 silly audit   '@radix-ui/react-use-layout-effect': [ '1.1.1' ],
558 silly audit   'fast-deep-equal': [ '3.1.3' ],
558 silly audit   'fast-uri': [ '3.1.0' ],
558 silly audit   'json-schema-traverse': [ '1.0.0' ],
558 silly audit   'require-from-string': [ '2.0.2' ],
558 silly audit   '@clack/prompts': [ '0.11.0' ],
558 silly audit   '@clack/core': [ '0.5.0' ],
558 silly audit   sisteransi: [ '1.0.5' ],
558 silly audit   chokidar: [ '4.0.3' ],
558 silly audit   confbox: [ '0.2.4' ],
558 silly audit   defu: [ '6.1.4' ],
558 silly audit   dotenv: [ '16.6.1' ],
558 silly audit   exsolve: [ '1.0.8' ],
558 silly audit   giget: [ '2.0.0' ],
558 silly audit   jiti: [ '2.6.1' ],
558 silly audit   ohash: [ '2.0.11' ],
558 silly audit   'perfect-debounce': [ '1.0.0' ],
558 silly audit   'pkg-types': [ '2.3.0' ],
558 silly audit   rc9: [ '2.1.2' ],
558 silly audit   '@kurkle/color': [ '0.3.4' ],
558 silly audit   readdirp: [ '4.1.2' ],
558 silly audit   '@standard-schema/spec': [ '1.1.0' ],
558 silly audit   'fast-check': [ '3.23.2' ],
558 silly audit   'pure-rand': [ '6.1.0' ],
558 silly audit   'cross-spawn': [ '7.0.6' ],
558 silly audit   'signal-exit': [ '4.1.0', '3.0.7' ],
558 silly audit   'path-key': [ '3.1.1' ],
558 silly audit   'shebang-command': [ '2.0.0' ],
558 silly audit   which: [ '2.0.2' ],
558 silly audit   citty: [ '0.1.6', '0.2.1' ],
558 silly audit   consola: [ '3.4.2' ],
558 silly audit   'node-fetch-native': [ '1.6.7' ],
558 silly audit   nypm: [ '0.6.5' ],
558 silly audit   'aws-ssl-profiles': [ '1.1.2' ],
558 silly audit   denque: [ '2.1.0' ],
558 silly audit   'generate-function': [ '2.3.1' ],
558 silly audit   'iconv-lite': [ '0.7.2' ],
558 silly audit   long: [ '5.3.2' ],
558 silly audit   'lru.min': [ '1.1.4' ],
558 silly audit   'named-placeholders': [ '1.1.6' ],
558 silly audit   'seq-queue': [ '0.0.5' ],
558 silly audit   sqlstring: [ '2.3.3' ],
558 silly audit   'is-property': [ '1.0.2' ],
558 silly audit   'safer-buffer': [ '2.1.2' ],
558 silly audit   tinyexec: [ '1.0.4' ],
558 silly audit   retry: [ '0.12.0' ],
558 silly audit   destr: [ '2.0.5' ],
558 silly audit   'shebang-regex': [ '3.0.0' ],
558 silly audit   isexe: [ '2.0.0' ],
558 silly audit   grammex: [ '3.1.12' ],
558 silly audit   graphmatch: [ '1.1.1' ]
558 silly audit }
559 http cache graphmatch@https://registry.npmjs.org/graphmatch/-/graphmatch-1.1.1.tgz 0ms (cache hit)
560 http cache isexe@https://registry.npmjs.org/isexe/-/isexe-2.0.0.tgz 0ms (cache hit)
561 http cache grammex@https://registry.npmjs.org/grammex/-/grammex-3.1.12.tgz 0ms (cache hit)
562 http cache destr@https://registry.npmjs.org/destr/-/destr-2.0.5.tgz 0ms (cache hit)
563 http cache tinyexec@https://registry.npmjs.org/tinyexec/-/tinyexec-1.0.4.tgz 0ms (cache hit)
564 http cache retry@https://registry.npmjs.org/retry/-/retry-0.12.0.tgz 0ms (cache hit)
565 http cache is-property@https://registry.npmjs.org/is-property/-/is-property-1.0.2.tgz 0ms (cache hit)
566 http cache safer-buffer@https://registry.npmjs.org/safer-buffer/-/safer-buffer-2.1.2.tgz 0ms (cache hit)
567 http cache sqlstring@https://registry.npmjs.org/sqlstring/-/sqlstring-2.3.3.tgz 0ms (cache hit)
568 http cache shebang-regex@https://registry.npmjs.org/shebang-regex/-/shebang-regex-3.0.0.tgz 0ms (cache hit)
569 http cache lru.min@https://registry.npmjs.org/lru.min/-/lru.min-1.1.4.tgz 0ms (cache hit)
570 http cache named-placeholders@https://registry.npmjs.org/named-placeholders/-/named-placeholders-1.1.6.tgz 0ms (cache hit)
571 http cache seq-queue@https://registry.npmjs.org/seq-queue/-/seq-queue-0.0.5.tgz 0ms (cache hit)
572 http cache long@https://registry.npmjs.org/long/-/long-5.3.2.tgz 0ms (cache hit)
573 http cache iconv-lite@https://registry.npmjs.org/iconv-lite/-/iconv-lite-0.7.2.tgz 0ms (cache hit)
574 http cache denque@https://registry.npmjs.org/denque/-/denque-2.1.0.tgz 0ms (cache hit)
575 http cache generate-function@https://registry.npmjs.org/generate-function/-/generate-function-2.3.1.tgz 0ms (cache hit)
576 http cache nypm@https://registry.npmjs.org/nypm/-/nypm-0.6.5.tgz 0ms (cache hit)
577 http cache aws-ssl-profiles@https://registry.npmjs.org/aws-ssl-profiles/-/aws-ssl-profiles-1.1.2.tgz 0ms (cache hit)
578 http cache node-fetch-native@https://registry.npmjs.org/node-fetch-native/-/node-fetch-native-1.6.7.tgz 0ms (cache hit)
579 http cache citty@https://registry.npmjs.org/citty/-/citty-0.1.6.tgz 0ms (cache hit)
580 http cache consola@https://registry.npmjs.org/consola/-/consola-3.4.2.tgz 0ms (cache hit)
581 http cache shebang-command@https://registry.npmjs.org/shebang-command/-/shebang-command-2.0.0.tgz 0ms (cache hit)
582 http cache which@https://registry.npmjs.org/which/-/which-2.0.2.tgz 0ms (cache hit)
583 http cache path-key@https://registry.npmjs.org/path-key/-/path-key-3.1.1.tgz 0ms (cache hit)
584 http cache signal-exit@https://registry.npmjs.org/signal-exit/-/signal-exit-4.1.0.tgz 0ms (cache hit)
585 http cache cross-spawn@https://registry.npmjs.org/cross-spawn/-/cross-spawn-7.0.6.tgz 0ms (cache hit)
586 http cache fast-check@https://registry.npmjs.org/fast-check/-/fast-check-3.23.2.tgz 0ms (cache hit)
587 http cache @standard-schema/spec@https://registry.npmjs.org/@standard-schema/spec/-/spec-1.1.0.tgz 0ms (cache hit)
588 http cache pure-rand@https://registry.npmjs.org/pure-rand/-/pure-rand-6.1.0.tgz 0ms (cache hit)
589 http cache readdirp@https://registry.npmjs.org/readdirp/-/readdirp-4.1.2.tgz 0ms (cache hit)
590 http cache @kurkle/color@https://registry.npmjs.org/@kurkle/color/-/color-0.3.4.tgz 0ms (cache hit)
591 http cache rc9@https://registry.npmjs.org/rc9/-/rc9-2.1.2.tgz 0ms (cache hit)
592 http cache ohash@https://registry.npmjs.org/ohash/-/ohash-2.0.11.tgz 0ms (cache hit)
593 http cache pkg-types@https://registry.npmjs.org/pkg-types/-/pkg-types-2.3.0.tgz 0ms (cache hit)
594 http cache jiti@https://registry.npmjs.org/jiti/-/jiti-2.6.1.tgz 0ms (cache hit)
595 http cache giget@https://registry.npmjs.org/giget/-/giget-2.0.0.tgz 0ms (cache hit)
596 http cache perfect-debounce@https://registry.npmjs.org/perfect-debounce/-/perfect-debounce-1.0.0.tgz 0ms (cache hit)
597 http cache exsolve@https://registry.npmjs.org/exsolve/-/exsolve-1.0.8.tgz 0ms (cache hit)
598 http cache defu@https://registry.npmjs.org/defu/-/defu-6.1.4.tgz 0ms (cache hit)
599 http cache dotenv@https://registry.npmjs.org/dotenv/-/dotenv-16.6.1.tgz 0ms (cache hit)
600 http cache confbox@https://registry.npmjs.org/confbox/-/confbox-0.2.4.tgz 0ms (cache hit)
601 http cache sisteransi@https://registry.npmjs.org/sisteransi/-/sisteransi-1.0.5.tgz 0ms (cache hit)
602 http cache chokidar@https://registry.npmjs.org/chokidar/-/chokidar-4.0.3.tgz 0ms (cache hit)
603 http cache @clack/core@https://registry.npmjs.org/@clack/core/-/core-0.5.0.tgz 0ms (cache hit)
604 http cache @clack/prompts@https://registry.npmjs.org/@clack/prompts/-/prompts-0.11.0.tgz 0ms (cache hit)
605 http cache require-from-string@https://registry.npmjs.org/require-from-string/-/require-from-string-2.0.2.tgz 0ms (cache hit)
606 http cache json-schema-traverse@https://registry.npmjs.org/json-schema-traverse/-/json-schema-traverse-1.0.0.tgz 0ms (cache hit)
607 http cache fast-uri@https://registry.npmjs.org/fast-uri/-/fast-uri-3.1.0.tgz 0ms (cache hit)
608 http cache fast-deep-equal@https://registry.npmjs.org/fast-deep-equal/-/fast-deep-equal-3.1.3.tgz 0ms (cache hit)
609 http cache @radix-ui/react-use-layout-effect@https://registry.npmjs.org/@radix-ui/react-use-layout-effect/-/react-use-layout-effect-1.1.1.tgz 0ms (cache hit)
610 http cache @radix-ui/react-compose-refs@https://registry.npmjs.org/@radix-ui/react-compose-refs/-/react-compose-refs-1.1.2.tgz 0ms (cache hit)
611 http cache @radix-ui/react-slot@https://registry.npmjs.org/@radix-ui/react-slot/-/react-slot-1.2.3.tgz 0ms (cache hit)
612 http cache @radix-ui/react-use-effect-event@https://registry.npmjs.org/@radix-ui/react-use-effect-event/-/react-use-effect-event-0.0.2.tgz 0ms (cache hit)
613 http cache @radix-ui/react-use-controllable-state@https://registry.npmjs.org/@radix-ui/react-use-controllable-state/-/react-use-controllable-state-1.2.2.tgz 0ms (cache hit)
614 http cache @radix-ui/react-primitive@https://registry.npmjs.org/@radix-ui/react-primitive/-/react-primitive-2.1.3.tgz 0ms (cache hit)
615 http cache @radix-ui/primitive@https://registry.npmjs.org/@radix-ui/primitive/-/primitive-1.1.3.tgz 0ms (cache hit)
616 http cache @radix-ui/react-toggle@https://registry.npmjs.org/@radix-ui/react-toggle/-/react-toggle-1.1.10.tgz 0ms (cache hit)
617 http cache chart.js@https://registry.npmjs.org/chart.js/-/chart.js-4.5.1.tgz 0ms (cache hit)
618 http cache env-paths@https://registry.npmjs.org/env-paths/-/env-paths-3.0.0.tgz 0ms (cache hit)
619 http cache ajv@https://registry.npmjs.org/ajv/-/ajv-8.18.0.tgz 0ms (cache hit)
620 http cache @prisma/engines-version@https://registry.npmjs.org/@prisma/engines-version/-/engines-version-7.6.0-1.75cbdc1eb7150937890ad5465d861175c6624711.tgz 0ms (cache hit)
621 http cache better-result@https://registry.npmjs.org/better-result/-/better-result-2.7.0.tgz 0ms (cache hit)
622 http cache @prisma/debug@https://registry.npmjs.org/@prisma/debug/-/debug-7.6.0.tgz 0ms (cache hit)
623 http cache @prisma/fetch-engine@https://registry.npmjs.org/@prisma/fetch-engine/-/fetch-engine-7.6.0.tgz 0ms (cache hit)
624 http cache valibot@https://registry.npmjs.org/valibot/-/valibot-1.2.0.tgz 0ms (cache hit)
625 http cache zeptomatch@https://registry.npmjs.org/zeptomatch/-/zeptomatch-2.1.0.tgz 0ms (cache hit)
626 http cache std-env@https://registry.npmjs.org/std-env/-/std-env-3.10.0.tgz 0ms (cache hit)
627 http cache proper-lockfile@https://registry.npmjs.org/proper-lockfile/-/proper-lockfile-4.1.2.tgz 0ms (cache hit)
628 http cache remeda@https://registry.npmjs.org/remeda/-/remeda-2.33.4.tgz 0ms (cache hit)
629 http cache pathe@https://registry.npmjs.org/pathe/-/pathe-2.0.3.tgz 0ms (cache hit)
630 http cache get-port-please@https://registry.npmjs.org/get-port-please/-/get-port-please-3.2.0.tgz 0ms (cache hit)
631 http cache http-status-codes@https://registry.npmjs.org/http-status-codes/-/http-status-codes-2.3.0.tgz 0ms (cache hit)
632 http cache foreground-child@https://registry.npmjs.org/foreground-child/-/foreground-child-3.3.1.tgz 0ms (cache hit)
633 http cache @prisma/query-plan-executor@https://registry.npmjs.org/@prisma/query-plan-executor/-/query-plan-executor-7.2.0.tgz 0ms (cache hit)
634 http cache hono@https://registry.npmjs.org/hono/-/hono-4.12.9.tgz 0ms (cache hit)
635 http cache @prisma/get-platform@https://registry.npmjs.org/@prisma/get-platform/-/get-platform-7.2.0.tgz 0ms (cache hit)
636 http cache @prisma/streams-local@https://registry.npmjs.org/@prisma/streams-local/-/streams-local-0.1.2.tgz 0ms (cache hit)
637 http cache @hono/node-server@https://registry.npmjs.org/@hono/node-server/-/node-server-1.19.11.tgz 0ms (cache hit)
638 http cache @electric-sql/pglite-tools@https://registry.npmjs.org/@electric-sql/pglite-tools/-/pglite-tools-0.3.1.tgz 0ms (cache hit)
639 http cache @electric-sql/pglite-socket@https://registry.npmjs.org/@electric-sql/pglite-socket/-/pglite-socket-0.1.1.tgz 0ms (cache hit)
640 http cache @electric-sql/pglite@https://registry.npmjs.org/@electric-sql/pglite/-/pglite-0.4.1.tgz 0ms (cache hit)
641 http cache empathic@https://registry.npmjs.org/empathic/-/empathic-2.0.0.tgz 0ms (cache hit)
642 http cache effect@https://registry.npmjs.org/effect/-/effect-3.20.0.tgz 0ms (cache hit)
643 http cache c12@https://registry.npmjs.org/c12/-/c12-3.1.0.tgz 0ms (cache hit)
644 http cache deepmerge-ts@https://registry.npmjs.org/deepmerge-ts/-/deepmerge-ts-7.1.5.tgz 0ms (cache hit)
645 http cache postgres@https://registry.npmjs.org/postgres/-/postgres-3.4.7.tgz 0ms (cache hit)
646 http cache mysql2@https://registry.npmjs.org/mysql2/-/mysql2-3.15.3.tgz 0ms (cache hit)
647 http cache @prisma/studio-core@https://registry.npmjs.org/@prisma/studio-core/-/studio-core-0.27.3.tgz 0ms (cache hit)
648 http cache @prisma/dev@https://registry.npmjs.org/@prisma/dev/-/dev-0.24.3.tgz 0ms (cache hit)
649 http cache @prisma/config@https://registry.npmjs.org/@prisma/config/-/config-7.6.0.tgz 0ms (cache hit)
650 http cache prisma@https://registry.npmjs.org/prisma/-/prisma-7.6.0.tgz 0ms (cache hit)
651 http cache citty@https://registry.npmjs.org/citty/-/citty-0.2.1.tgz 0ms (cache hit)
652 http cache @prisma/get-platform@https://registry.npmjs.org/@prisma/get-platform/-/get-platform-7.6.0.tgz 0ms (cache hit)
653 http cache @prisma/engines@https://registry.npmjs.org/@prisma/engines/-/engines-7.6.0.tgz 0ms (cache hit)
654 http cache signal-exit@https://registry.npmjs.org/signal-exit/-/signal-exit-3.0.7.tgz 0ms (cache hit)
655 http cache @prisma/debug@https://registry.npmjs.org/@prisma/debug/-/debug-7.2.0.tgz 0ms (cache hit)
656 http cache @prisma/get-platform@https://registry.npmjs.org/@prisma/get-platform/-/get-platform-7.6.0.tgz 0ms (cache hit)
657 silly tarball no local data for graphmatch@https://registry.npmjs.org/graphmatch/-/graphmatch-1.1.1.tgz. Extracting by manifest.
658 silly tarball no local data for isexe@https://registry.npmjs.org/isexe/-/isexe-2.0.0.tgz. Extracting by manifest.
659 silly tarball no local data for grammex@https://registry.npmjs.org/grammex/-/grammex-3.1.12.tgz. Extracting by manifest.
660 silly tarball no local data for destr@https://registry.npmjs.org/destr/-/destr-2.0.5.tgz. Extracting by manifest.
661 silly tarball no local data for tinyexec@https://registry.npmjs.org/tinyexec/-/tinyexec-1.0.4.tgz. Extracting by manifest.
662 silly tarball no local data for retry@https://registry.npmjs.org/retry/-/retry-0.12.0.tgz. Extracting by manifest.
663 silly tarball no local data for is-property@https://registry.npmjs.org/is-property/-/is-property-1.0.2.tgz. Extracting by manifest.
664 silly tarball no local data for safer-buffer@https://registry.npmjs.org/safer-buffer/-/safer-buffer-2.1.2.tgz. Extracting by manifest.
665 silly tarball no local data for sqlstring@https://registry.npmjs.org/sqlstring/-/sqlstring-2.3.3.tgz. Extracting by manifest.
666 silly tarball no local data for shebang-regex@https://registry.npmjs.org/shebang-regex/-/shebang-regex-3.0.0.tgz. Extracting by manifest.
667 silly tarball no local data for lru.min@https://registry.npmjs.org/lru.min/-/lru.min-1.1.4.tgz. Extracting by manifest.
668 silly tarball no local data for named-placeholders@https://registry.npmjs.org/named-placeholders/-/named-placeholders-1.1.6.tgz. Extracting by manifest.
669 silly tarball no local data for seq-queue@https://registry.npmjs.org/seq-queue/-/seq-queue-0.0.5.tgz. Extracting by manifest.
670 silly tarball no local data for long@https://registry.npmjs.org/long/-/long-5.3.2.tgz. Extracting by manifest.
671 silly tarball no local data for iconv-lite@https://registry.npmjs.org/iconv-lite/-/iconv-lite-0.7.2.tgz. Extracting by manifest.
672 silly tarball no local data for denque@https://registry.npmjs.org/denque/-/denque-2.1.0.tgz. Extracting by manifest.
673 silly tarball no local data for generate-function@https://registry.npmjs.org/generate-function/-/generate-function-2.3.1.tgz. Extracting by manifest.
674 silly tarball no local data for nypm@https://registry.npmjs.org/nypm/-/nypm-0.6.5.tgz. Extracting by manifest.
675 silly tarball no local data for aws-ssl-profiles@https://registry.npmjs.org/aws-ssl-profiles/-/aws-ssl-profiles-1.1.2.tgz. Extracting by manifest.
676 silly tarball no local data for node-fetch-native@https://registry.npmjs.org/node-fetch-native/-/node-fetch-native-1.6.7.tgz. Extracting by manifest.
677 silly tarball no local data for citty@https://registry.npmjs.org/citty/-/citty-0.1.6.tgz. Extracting by manifest.
678 silly tarball no local data for consola@https://registry.npmjs.org/consola/-/consola-3.4.2.tgz. Extracting by manifest.
679 silly tarball no local data for shebang-command@https://registry.npmjs.org/shebang-command/-/shebang-command-2.0.0.tgz. Extracting by manifest.
680 silly tarball no local data for which@https://registry.npmjs.org/which/-/which-2.0.2.tgz. Extracting by manifest.
681 silly tarball no local data for path-key@https://registry.npmjs.org/path-key/-/path-key-3.1.1.tgz. Extracting by manifest.
682 silly tarball no local data for signal-exit@https://registry.npmjs.org/signal-exit/-/signal-exit-4.1.0.tgz. Extracting by manifest.
683 silly tarball no local data for cross-spawn@https://registry.npmjs.org/cross-spawn/-/cross-spawn-7.0.6.tgz. Extracting by manifest.
684 silly tarball no local data for fast-check@https://registry.npmjs.org/fast-check/-/fast-check-3.23.2.tgz. Extracting by manifest.
685 silly tarball no local data for @standard-schema/spec@https://registry.npmjs.org/@standard-schema/spec/-/spec-1.1.0.tgz. Extracting by manifest.
686 silly tarball no local data for pure-rand@https://registry.npmjs.org/pure-rand/-/pure-rand-6.1.0.tgz. Extracting by manifest.
687 silly tarball no local data for readdirp@https://registry.npmjs.org/readdirp/-/readdirp-4.1.2.tgz. Extracting by manifest.
688 silly tarball no local data for @kurkle/color@https://registry.npmjs.org/@kurkle/color/-/color-0.3.4.tgz. Extracting by manifest.
689 silly tarball no local data for rc9@https://registry.npmjs.org/rc9/-/rc9-2.1.2.tgz. Extracting by manifest.
690 silly tarball no local data for ohash@https://registry.npmjs.org/ohash/-/ohash-2.0.11.tgz. Extracting by manifest.
691 silly tarball no local data for pkg-types@https://registry.npmjs.org/pkg-types/-/pkg-types-2.3.0.tgz. Extracting by manifest.
692 silly tarball no local data for jiti@https://registry.npmjs.org/jiti/-/jiti-2.6.1.tgz. Extracting by manifest.
693 silly tarball no local data for giget@https://registry.npmjs.org/giget/-/giget-2.0.0.tgz. Extracting by manifest.
694 silly tarball no local data for perfect-debounce@https://registry.npmjs.org/perfect-debounce/-/perfect-debounce-1.0.0.tgz. Extracting by manifest.
695 silly tarball no local data for exsolve@https://registry.npmjs.org/exsolve/-/exsolve-1.0.8.tgz. Extracting by manifest.
696 silly tarball no local data for defu@https://registry.npmjs.org/defu/-/defu-6.1.4.tgz. Extracting by manifest.
697 silly tarball no local data for dotenv@https://registry.npmjs.org/dotenv/-/dotenv-16.6.1.tgz. Extracting by manifest.
698 silly tarball no local data for confbox@https://registry.npmjs.org/confbox/-/confbox-0.2.4.tgz. Extracting by manifest.
699 silly tarball no local data for sisteransi@https://registry.npmjs.org/sisteransi/-/sisteransi-1.0.5.tgz. Extracting by manifest.
700 silly tarball no local data for chokidar@https://registry.npmjs.org/chokidar/-/chokidar-4.0.3.tgz. Extracting by manifest.
701 silly tarball no local data for @clack/core@https://registry.npmjs.org/@clack/core/-/core-0.5.0.tgz. Extracting by manifest.
702 silly tarball no local data for @clack/prompts@https://registry.npmjs.org/@clack/prompts/-/prompts-0.11.0.tgz. Extracting by manifest.
703 silly tarball no local data for require-from-string@https://registry.npmjs.org/require-from-string/-/require-from-string-2.0.2.tgz. Extracting by manifest.
704 silly tarball no local data for json-schema-traverse@https://registry.npmjs.org/json-schema-traverse/-/json-schema-traverse-1.0.0.tgz. Extracting by manifest.
705 silly tarball no local data for fast-uri@https://registry.npmjs.org/fast-uri/-/fast-uri-3.1.0.tgz. Extracting by manifest.
706 silly tarball no local data for fast-deep-equal@https://registry.npmjs.org/fast-deep-equal/-/fast-deep-equal-3.1.3.tgz. Extracting by manifest.
707 silly tarball no local data for @radix-ui/react-use-layout-effect@https://registry.npmjs.org/@radix-ui/react-use-layout-effect/-/react-use-layout-effect-1.1.1.tgz. Extracting by manifest.
708 silly tarball no local data for @radix-ui/react-compose-refs@https://registry.npmjs.org/@radix-ui/react-compose-refs/-/react-compose-refs-1.1.2.tgz. Extracting by manifest.
709 silly tarball no local data for @radix-ui/react-slot@https://registry.npmjs.org/@radix-ui/react-slot/-/react-slot-1.2.3.tgz. Extracting by manifest.
710 silly tarball no local data for @radix-ui/react-use-effect-event@https://registry.npmjs.org/@radix-ui/react-use-effect-event/-/react-use-effect-event-0.0.2.tgz. Extracting by manifest.
711 silly tarball no local data for @radix-ui/react-use-controllable-state@https://registry.npmjs.org/@radix-ui/react-use-controllable-state/-/react-use-controllable-state-1.2.2.tgz. Extracting by manifest.
712 silly tarball no local data for @radix-ui/react-primitive@https://registry.npmjs.org/@radix-ui/react-primitive/-/react-primitive-2.1.3.tgz. Extracting by manifest.
713 silly tarball no local data for @radix-ui/primitive@https://registry.npmjs.org/@radix-ui/primitive/-/primitive-1.1.3.tgz. Extracting by manifest.
714 silly tarball no local data for @radix-ui/react-toggle@https://registry.npmjs.org/@radix-ui/react-toggle/-/react-toggle-1.1.10.tgz. Extracting by manifest.
715 silly tarball no local data for chart.js@https://registry.npmjs.org/chart.js/-/chart.js-4.5.1.tgz. Extracting by manifest.
716 silly tarball no local data for env-paths@https://registry.npmjs.org/env-paths/-/env-paths-3.0.0.tgz. Extracting by manifest.
717 silly tarball no local data for ajv@https://registry.npmjs.org/ajv/-/ajv-8.18.0.tgz. Extracting by manifest.
718 silly tarball no local data for @prisma/engines-version@https://registry.npmjs.org/@prisma/engines-version/-/engines-version-7.6.0-1.75cbdc1eb7150937890ad5465d861175c6624711.tgz. Extracting by manifest.
719 silly tarball no local data for better-result@https://registry.npmjs.org/better-result/-/better-result-2.7.0.tgz. Extracting by manifest.
720 silly tarball no local data for @prisma/debug@https://registry.npmjs.org/@prisma/debug/-/debug-7.6.0.tgz. Extracting by manifest.
721 silly tarball no local data for @prisma/fetch-engine@https://registry.npmjs.org/@prisma/fetch-engine/-/fetch-engine-7.6.0.tgz. Extracting by manifest.
722 silly tarball no local data for valibot@https://registry.npmjs.org/valibot/-/valibot-1.2.0.tgz. Extracting by manifest.
723 silly tarball no local data for zeptomatch@https://registry.npmjs.org/zeptomatch/-/zeptomatch-2.1.0.tgz. Extracting by manifest.
724 silly tarball no local data for std-env@https://registry.npmjs.org/std-env/-/std-env-3.10.0.tgz. Extracting by manifest.
725 silly tarball no local data for proper-lockfile@https://registry.npmjs.org/proper-lockfile/-/proper-lockfile-4.1.2.tgz. Extracting by manifest.
726 silly tarball no local data for remeda@https://registry.npmjs.org/remeda/-/remeda-2.33.4.tgz. Extracting by manifest.
727 silly tarball no local data for pathe@https://registry.npmjs.org/pathe/-/pathe-2.0.3.tgz. Extracting by manifest.
728 silly tarball no local data for get-port-please@https://registry.npmjs.org/get-port-please/-/get-port-please-3.2.0.tgz. Extracting by manifest.
729 silly tarball no local data for http-status-codes@https://registry.npmjs.org/http-status-codes/-/http-status-codes-2.3.0.tgz. Extracting by manifest.
730 silly tarball no local data for foreground-child@https://registry.npmjs.org/foreground-child/-/foreground-child-3.3.1.tgz. Extracting by manifest.
731 silly tarball no local data for @prisma/query-plan-executor@https://registry.npmjs.org/@prisma/query-plan-executor/-/query-plan-executor-7.2.0.tgz. Extracting by manifest.
732 silly tarball no local data for hono@https://registry.npmjs.org/hono/-/hono-4.12.9.tgz. Extracting by manifest.
733 silly tarball no local data for @prisma/get-platform@https://registry.npmjs.org/@prisma/get-platform/-/get-platform-7.2.0.tgz. Extracting by manifest.
734 silly tarball no local data for @prisma/streams-local@https://registry.npmjs.org/@prisma/streams-local/-/streams-local-0.1.2.tgz. Extracting by manifest.
735 silly tarball no local data for @hono/node-server@https://registry.npmjs.org/@hono/node-server/-/node-server-1.19.11.tgz. Extracting by manifest.
736 silly tarball no local data for @electric-sql/pglite-tools@https://registry.npmjs.org/@electric-sql/pglite-tools/-/pglite-tools-0.3.1.tgz. Extracting by manifest.
737 silly tarball no local data for @electric-sql/pglite-socket@https://registry.npmjs.org/@electric-sql/pglite-socket/-/pglite-socket-0.1.1.tgz. Extracting by manifest.
738 silly tarball no local data for @electric-sql/pglite@https://registry.npmjs.org/@electric-sql/pglite/-/pglite-0.4.1.tgz. Extracting by manifest.
739 silly tarball no local data for empathic@https://registry.npmjs.org/empathic/-/empathic-2.0.0.tgz. Extracting by manifest.
740 silly tarball no local data for effect@https://registry.npmjs.org/effect/-/effect-3.20.0.tgz. Extracting by manifest.
741 silly tarball no local data for c12@https://registry.npmjs.org/c12/-/c12-3.1.0.tgz. Extracting by manifest.
742 silly tarball no local data for deepmerge-ts@https://registry.npmjs.org/deepmerge-ts/-/deepmerge-ts-7.1.5.tgz. Extracting by manifest.
743 silly tarball no local data for postgres@https://registry.npmjs.org/postgres/-/postgres-3.4.7.tgz. Extracting by manifest.
744 silly tarball no local data for mysql2@https://registry.npmjs.org/mysql2/-/mysql2-3.15.3.tgz. Extracting by manifest.
745 silly tarball no local data for @prisma/studio-core@https://registry.npmjs.org/@prisma/studio-core/-/studio-core-0.27.3.tgz. Extracting by manifest.
746 silly tarball no local data for @prisma/dev@https://registry.npmjs.org/@prisma/dev/-/dev-0.24.3.tgz. Extracting by manifest.
747 silly tarball no local data for @prisma/config@https://registry.npmjs.org/@prisma/config/-/config-7.6.0.tgz. Extracting by manifest.
748 silly tarball no local data for prisma@https://registry.npmjs.org/prisma/-/prisma-7.6.0.tgz. Extracting by manifest.
749 silly tarball no local data for citty@https://registry.npmjs.org/citty/-/citty-0.2.1.tgz. Extracting by manifest.
750 silly tarball no local data for @prisma/get-platform@https://registry.npmjs.org/@prisma/get-platform/-/get-platform-7.6.0.tgz. Extracting by manifest.
751 silly tarball no local data for @prisma/engines@https://registry.npmjs.org/@prisma/engines/-/engines-7.6.0.tgz. Extracting by manifest.
752 silly tarball no local data for signal-exit@https://registry.npmjs.org/signal-exit/-/signal-exit-3.0.7.tgz. Extracting by manifest.
753 silly tarball no local data for @prisma/debug@https://registry.npmjs.org/@prisma/debug/-/debug-7.2.0.tgz. Extracting by manifest.
754 silly tarball no local data for @prisma/get-platform@https://registry.npmjs.org/@prisma/get-platform/-/get-platform-7.6.0.tgz. Extracting by manifest.
755 http fetch GET 200 https://registry.npmjs.org/destr/-/destr-2.0.5.tgz 59ms (cache miss)
756 http fetch GET 200 https://registry.npmjs.org/named-placeholders/-/named-placeholders-1.1.6.tgz 58ms (cache miss)
757 http fetch GET 200 https://registry.npmjs.org/shebang-regex/-/shebang-regex-3.0.0.tgz 58ms (cache miss)
758 http fetch GET 200 https://registry.npmjs.org/retry/-/retry-0.12.0.tgz 60ms (cache miss)
759 http fetch GET 200 https://registry.npmjs.org/sqlstring/-/sqlstring-2.3.3.tgz 60ms (cache miss)
760 http fetch GET 200 https://registry.npmjs.org/isexe/-/isexe-2.0.0.tgz 60ms (cache miss)
761 http fetch GET 200 https://registry.npmjs.org/grammex/-/grammex-3.1.12.tgz 60ms (cache miss)
762 http fetch GET 200 https://registry.npmjs.org/graphmatch/-/graphmatch-1.1.1.tgz 61ms (cache miss)
763 http fetch GET 200 https://registry.npmjs.org/tinyexec/-/tinyexec-1.0.4.tgz 60ms (cache miss)
764 http fetch GET 200 https://registry.npmjs.org/safer-buffer/-/safer-buffer-2.1.2.tgz 60ms (cache miss)
765 http fetch GET 200 https://registry.npmjs.org/lru.min/-/lru.min-1.1.4.tgz 60ms (cache miss)
766 http fetch GET 200 https://registry.npmjs.org/is-property/-/is-property-1.0.2.tgz 61ms (cache miss)
767 http fetch GET 200 https://registry.npmjs.org/generate-function/-/generate-function-2.3.1.tgz 83ms (cache miss)
768 http fetch GET 200 https://registry.npmjs.org/shebang-command/-/shebang-command-2.0.0.tgz 83ms (cache miss)
769 http fetch GET 200 https://registry.npmjs.org/denque/-/denque-2.1.0.tgz 84ms (cache miss)
770 http fetch GET 200 https://registry.npmjs.org/nypm/-/nypm-0.6.5.tgz 83ms (cache miss)
771 http fetch GET 200 https://registry.npmjs.org/which/-/which-2.0.2.tgz 86ms (cache miss)
772 http fetch GET 200 https://registry.npmjs.org/citty/-/citty-0.1.6.tgz 88ms (cache miss)
773 http fetch GET 200 https://registry.npmjs.org/signal-exit/-/signal-exit-4.1.0.tgz 95ms (cache miss)
774 http fetch GET 200 https://registry.npmjs.org/path-key/-/path-key-3.1.1.tgz 102ms (cache miss)
775 http fetch GET 200 https://registry.npmjs.org/aws-ssl-profiles/-/aws-ssl-profiles-1.1.2.tgz 104ms (cache miss)
776 http fetch GET 200 https://registry.npmjs.org/iconv-lite/-/iconv-lite-0.7.2.tgz 106ms (cache miss)
777 http fetch GET 200 https://registry.npmjs.org/seq-queue/-/seq-queue-0.0.5.tgz 106ms (cache miss)
778 http fetch GET 200 https://registry.npmjs.org/node-fetch-native/-/node-fetch-native-1.6.7.tgz 105ms (cache miss)
779 http fetch GET 200 https://registry.npmjs.org/long/-/long-5.3.2.tgz 109ms (cache miss)
780 http fetch GET 200 https://registry.npmjs.org/cross-spawn/-/cross-spawn-7.0.6.tgz 114ms (cache miss)
781 http fetch GET 200 https://registry.npmjs.org/readdirp/-/readdirp-4.1.2.tgz 117ms (cache miss)
782 http fetch GET 200 https://registry.npmjs.org/consola/-/consola-3.4.2.tgz 120ms (cache miss)
783 http fetch GET 200 https://registry.npmjs.org/@standard-schema/spec/-/spec-1.1.0.tgz 129ms (cache miss)
784 http fetch GET 200 https://registry.npmjs.org/perfect-debounce/-/perfect-debounce-1.0.0.tgz 136ms (cache miss)
785 http fetch GET 200 https://registry.npmjs.org/rc9/-/rc9-2.1.2.tgz 136ms (cache miss)
786 http fetch GET 200 https://registry.npmjs.org/giget/-/giget-2.0.0.tgz 137ms (cache miss)
787 http fetch GET 200 https://registry.npmjs.org/pure-rand/-/pure-rand-6.1.0.tgz 140ms (cache miss)
788 http fetch GET 200 https://registry.npmjs.org/pkg-types/-/pkg-types-2.3.0.tgz 168ms (cache miss)
789 http fetch GET 200 https://registry.npmjs.org/@kurkle/color/-/color-0.3.4.tgz 168ms (cache miss)
790 http fetch GET 200 https://registry.npmjs.org/exsolve/-/exsolve-1.0.8.tgz 168ms (cache miss)
791 http fetch GET 200 https://registry.npmjs.org/ohash/-/ohash-2.0.11.tgz 169ms (cache miss)
792 http fetch GET 200 https://registry.npmjs.org/defu/-/defu-6.1.4.tgz 179ms (cache miss)
793 http fetch GET 200 https://registry.npmjs.org/sisteransi/-/sisteransi-1.0.5.tgz 179ms (cache miss)
794 http fetch GET 200 https://registry.npmjs.org/dotenv/-/dotenv-16.6.1.tgz 180ms (cache miss)
795 http fetch GET 200 https://registry.npmjs.org/require-from-string/-/require-from-string-2.0.2.tgz 213ms (cache miss)
796 http fetch GET 200 https://registry.npmjs.org/confbox/-/confbox-0.2.4.tgz 262ms (cache miss)
797 http fetch POST 200 https://registry.npmjs.org/-/npm/v1/security/advisories/bulk 289ms
798 silly audit report {
798 silly audit report   next: [
798 silly audit report     {
798 silly audit report       id: 1099638,
798 silly audit report       url: 'https://github.com/advisories/GHSA-gp8f-8m3g-qvj9',
798 silly audit report       title: 'Next.js Cache Poisoning',
798 silly audit report       severity: 'high',
798 silly audit report       vulnerable_versions: '>=14.0.0 <14.2.10',
798 silly audit report       cwe: [Array],
798 silly audit report       cvss: [Object]
798 silly audit report     },
798 silly audit report     {
798 silly audit report       id: 1100421,
798 silly audit report       url: 'https://github.com/advisories/GHSA-g77x-44xx-532m',
798 silly audit report       title: 'Denial of Service condition in Next.js image optimization',
798 silly audit report       severity: 'moderate',
798 silly audit report       vulnerable_versions: '>=10.0.0 <14.2.7',
798 silly audit report       cwe: [Array],
798 silly audit report       cvss: [Object]
798 silly audit report     },
798 silly audit report     {
798 silly audit report       id: 1101438,
798 silly audit report       url: 'https://github.com/advisories/GHSA-7m27-7ghc-44w9',
798 silly audit report       title: 'Next.js Allows a Denial of Service (DoS) with Server Actions',
798 silly audit report       severity: 'moderate',
798 silly audit report       vulnerable_versions: '>=14.0.0 <14.2.21',
798 silly audit report       cwe: [Array],
798 silly audit report       cvss: [Object]
798 silly audit report     },
798 silly audit report     {
798 silly audit report       id: 1105461,
798 silly audit report       url: 'https://github.com/advisories/GHSA-3h52-269p-cp9r',
798 silly audit report       title: 'Information exposure in Next.js dev server due to lack of origin verification',
798 silly audit report       severity: 'low',
798 silly audit report       vulnerable_versions: '>=13.0 <14.2.30',
798 silly audit report       cwe: [Array],
798 silly audit report       cvss: [Object]
798 silly audit report     },
798 silly audit report     {
798 silly audit report       id: 1111391,
798 silly audit report       url: 'https://github.com/advisories/GHSA-mwv6-3258-q52c',
798 silly audit report       title: 'Next Vulnerable to Denial of Service with Server Components',
798 silly audit report       severity: 'high',
798 silly audit report       vulnerable_versions: '>=13.3.0 <14.2.34',
798 silly audit report       cwe: [Array],
798 silly audit report       cvss: [Object]
798 silly audit report     },
798 silly audit report     {
798 silly audit report       id: 1107226,
798 silly audit report       url: 'https://github.com/advisories/GHSA-g5qg-72qw-gw5v',
798 silly audit report       title: 'Next.js Affected by Cache Key Confusion for Image Optimization API Routes',
798 silly audit report       severity: 'moderate',
798 silly audit report       vulnerable_versions: '>=0.9.9 <14.2.31',
798 silly audit report       cwe: [Array],
798 silly audit report       cvss: [Object]
798 silly audit report     },
798 silly audit report     {
798 silly audit report       id: 1107420,
798 silly audit report       url: 'https://github.com/advisories/GHSA-7gfc-8cq8-jh5f',
798 silly audit report       title: 'Next.js authorization bypass vulnerability',
798 silly audit report       severity: 'high',
798 silly audit report       vulnerable_versions: '>=9.5.5 <14.2.15',
798 silly audit report       cwe: [Array],
798 silly audit report       cvss: [Object]
798 silly audit report     },
798 silly audit report     {
798 silly audit report       id: 1107512,
798 silly audit report       url: 'https://github.com/advisories/GHSA-4342-x723-ch2f',
798 silly audit report       title: 'Next.js Improper Middleware Redirect Handling Leads to SSRF',
798 silly audit report       severity: 'moderate',
798 silly audit report       vulnerable_versions: '>=0.9.9 <14.2.32',
798 silly audit report       cwe: [Array],
798 silly audit report       cvss: [Object]
798 silly audit report     },
798 silly audit report     {
798 silly audit report       id: 1107513,
798 silly audit report       url: 'https://github.com/advisories/GHSA-xv57-4mr9-wg8v',
798 silly audit report       title: 'Next.js Content Injection Vulnerability for Image Optimization',
798 silly audit report       severity: 'moderate',
798 silly audit report       vulnerable_versions: '>=0.9.9 <14.2.31',
798 silly audit report       cwe: [Array],
798 silly audit report       cvss: [Object]
798 silly audit report     },
798 silly audit report     {
798 silly audit report       id: 1112182,
798 silly audit report       url: 'https://github.com/advisories/GHSA-5j59-xgg2-r9c4',
798 silly audit report       title: 'Next has a Denial of Service with Server Components - Incomplete Fix Follow-Up',
798 silly audit report       severity: 'high',
798 silly audit report       vulnerable_versions: '>=13.3.1-canary.0 <14.2.35',
798 silly audit report       cwe: [Array],
798 silly audit report       cvss: [Object]
798 silly audit report     },
798 silly audit report     {
798 silly audit report       id: 1108291,
798 silly audit report       url: 'https://github.com/advisories/GHSA-qpjv-v59x-3qc4',
798 silly audit report       title: 'Next.js Race Condition to Cache Poisoning',
798 silly audit report       severity: 'low',
798 silly audit report       vulnerable_versions: '>=0.9.9 <14.2.24',
798 silly audit report       cwe: [Array],
798 silly audit report       cvss: [Object]
798 silly audit report     },
798 silly audit report     {
798 silly audit report       id: 1112593,
798 silly audit report       url: 'https://github.com/advisories/GHSA-9g9p-9gw9-jx7f',
798 silly audit report       title: 'Next.js self-hosted applications vulnerable to DoS via Image Optimizer remotePatterns configuration',
798 silly audit report       severity: 'moderate',
798 silly audit report       vulnerable_versions: '>=10.0.0 <15.5.10',
798 silly audit report       cwe: [Array],
798 silly audit report       cvss: [Object]
798 silly audit report     },
798 silly audit report     {
798 silly audit report       id: 1112653,
798 silly audit report       url: 'https://github.com/advisories/GHSA-h25m-26qc-wcjf',
798 silly audit report       title: 'Next.js HTTP request deserialization can lead to DoS when using insecure React Server Components',
798 silly audit report       severity: 'high',
798 silly audit report       vulnerable_versions: '>=13.0.0 <15.0.8',
798 silly audit report       cwe: [Array],
798 silly audit report       cvss: [Object]
798 silly audit report     },
798 silly audit report     {
798 silly audit report       id: 1113689,
798 silly audit report       url: 'https://github.com/advisories/GHSA-f82v-jwr5-mffw',
798 silly audit report       title: 'Authorization Bypass in Next.js Middleware',
798 silly audit report       severity: 'critical',
798 silly audit report       vulnerable_versions: '>=14.0.0 <14.2.25',
798 silly audit report       cwe: [Array],
798 silly audit report       cvss: [Object]
798 silly audit report     },
798 silly audit report     {
798 silly audit report       id: 1114897,
798 silly audit report       url: 'https://github.com/advisories/GHSA-ggv3-7p47-pfv8',
798 silly audit report       title: 'Next.js: HTTP request smuggling in rewrites',
798 silly audit report       severity: 'moderate',
798 silly audit report       vulnerable_versions: '>=9.5.0 <15.5.13',
798 silly audit report       cwe: [Array],
798 silly audit report       cvss: [Object]
798 silly audit report     },
798 silly audit report     {
798 silly audit report       id: 1114940,
798 silly audit report       url: 'https://github.com/advisories/GHSA-3x4c-7xq6-9pq8',
798 silly audit report       title: 'Next.js: Unbounded next/image disk cache growth can exhaust storage',
798 silly audit report       severity: 'moderate',
798 silly audit report       vulnerable_versions: '>=10.0.0 <15.5.14',
798 silly audit report       cwe: [Array],
798 silly audit report       cvss: [Object]
798 silly audit report     }
798 silly audit report   ]
798 silly audit report }
799 silly packumentCache corgi:https://registry.npmjs.org/next cache-miss
800 http fetch GET 200 https://registry.npmjs.org/@radix-ui/react-use-effect-event/-/react-use-effect-event-0.0.2.tgz 283ms (cache miss)
801 http fetch GET 200 https://registry.npmjs.org/@radix-ui/react-use-controllable-state/-/react-use-controllable-state-1.2.2.tgz 283ms (cache miss)
802 http fetch GET 200 https://registry.npmjs.org/fast-deep-equal/-/fast-deep-equal-3.1.3.tgz 285ms (cache miss)
803 http fetch GET 200 https://registry.npmjs.org/json-schema-traverse/-/json-schema-traverse-1.0.0.tgz 286ms (cache miss)
804 http fetch GET 200 https://registry.npmjs.org/chokidar/-/chokidar-4.0.3.tgz 288ms (cache miss)
805 http fetch GET 200 https://registry.npmjs.org/@clack/prompts/-/prompts-0.11.0.tgz 288ms (cache miss)
806 http cache https://registry.npmjs.org/next 28ms (cache hit)
807 silly packumentCache corgi:https://registry.npmjs.org/next set size:24466845 disposed:false
808 http fetch GET 200 https://registry.npmjs.org/@clack/core/-/core-0.5.0.tgz 699ms (cache miss)
809 http fetch GET 200 https://registry.npmjs.org/@radix-ui/react-use-layout-effect/-/react-use-layout-effect-1.1.1.tgz 705ms (cache miss)
810 http fetch GET 200 https://registry.npmjs.org/@prisma/engines-version/-/engines-version-7.6.0-1.75cbdc1eb7150937890ad5465d861175c6624711.tgz 704ms (cache miss)
811 http fetch GET 200 https://registry.npmjs.org/env-paths/-/env-paths-3.0.0.tgz 705ms (cache miss)
812 http fetch GET 200 https://registry.npmjs.org/@radix-ui/react-toggle/-/react-toggle-1.1.10.tgz 705ms (cache miss)
813 http fetch GET 200 https://registry.npmjs.org/@prisma/debug/-/debug-7.6.0.tgz 704ms (cache miss)
814 http fetch GET 200 https://registry.npmjs.org/@radix-ui/primitive/-/primitive-1.1.3.tgz 706ms (cache miss)
815 http fetch GET 200 https://registry.npmjs.org/@radix-ui/react-primitive/-/react-primitive-2.1.3.tgz 706ms (cache miss)
816 http fetch GET 200 https://registry.npmjs.org/fast-uri/-/fast-uri-3.1.0.tgz 711ms (cache miss)
817 http fetch GET 200 https://registry.npmjs.org/better-result/-/better-result-2.7.0.tgz 711ms (cache miss)
818 http fetch GET 200 https://registry.npmjs.org/valibot/-/valibot-1.2.0.tgz 717ms (cache miss)
819 http fetch GET 200 https://registry.npmjs.org/@prisma/fetch-engine/-/fetch-engine-7.6.0.tgz 720ms (cache miss)
820 http fetch GET 200 https://registry.npmjs.org/fast-check/-/fast-check-3.23.2.tgz 794ms (cache miss)
821 http fetch GET 200 https://registry.npmjs.org/std-env/-/std-env-3.10.0.tgz 803ms (cache miss)
822 http fetch GET 200 https://registry.npmjs.org/proper-lockfile/-/proper-lockfile-4.1.2.tgz 804ms (cache miss)
823 http fetch GET 200 https://registry.npmjs.org/ajv/-/ajv-8.18.0.tgz 808ms (cache miss)
824 http fetch GET 200 https://registry.npmjs.org/foreground-child/-/foreground-child-3.3.1.tgz 853ms (cache miss)
825 http fetch GET 200 https://registry.npmjs.org/pathe/-/pathe-2.0.3.tgz 855ms (cache miss)
826 http fetch GET 200 https://registry.npmjs.org/get-port-please/-/get-port-please-3.2.0.tgz 854ms (cache miss)
827 http fetch GET 200 https://registry.npmjs.org/zeptomatch/-/zeptomatch-2.1.0.tgz 858ms (cache miss)
828 http fetch GET 200 https://registry.npmjs.org/@radix-ui/react-compose-refs/-/react-compose-refs-1.1.2.tgz 882ms (cache miss)
829 http fetch GET 200 https://registry.npmjs.org/http-status-codes/-/http-status-codes-2.3.0.tgz 880ms (cache miss)
830 http fetch GET 200 https://registry.npmjs.org/@hono/node-server/-/node-server-1.19.11.tgz 887ms (cache miss)
831 http fetch GET 200 https://registry.npmjs.org/@radix-ui/react-slot/-/react-slot-1.2.3.tgz 918ms (cache miss)
832 http fetch GET 200 https://registry.npmjs.org/empathic/-/empathic-2.0.0.tgz 975ms (cache miss)
833 http fetch GET 200 https://registry.npmjs.org/jiti/-/jiti-2.6.1.tgz 982ms (cache miss)
834 http fetch GET 200 https://registry.npmjs.org/deepmerge-ts/-/deepmerge-ts-7.1.5.tgz 1061ms (cache miss)
835 http fetch GET 200 https://registry.npmjs.org/c12/-/c12-3.1.0.tgz 1072ms (cache miss)
836 http fetch GET 200 https://registry.npmjs.org/@electric-sql/pglite-socket/-/pglite-socket-0.1.1.tgz 1076ms (cache miss)
837 http fetch GET 200 https://registry.npmjs.org/@prisma/get-platform/-/get-platform-7.2.0.tgz 1104ms (cache miss)
838 http fetch GET 200 https://registry.npmjs.org/postgres/-/postgres-3.4.7.tgz 1103ms (cache miss)
839 http fetch GET 200 https://registry.npmjs.org/chart.js/-/chart.js-4.5.1.tgz 1108ms (cache miss)
840 http fetch GET 200 https://registry.npmjs.org/mysql2/-/mysql2-3.15.3.tgz 1120ms (cache miss)
841 http fetch GET 200 https://registry.npmjs.org/citty/-/citty-0.2.1.tgz 1130ms (cache miss)
842 http fetch GET 200 https://registry.npmjs.org/@prisma/config/-/config-7.6.0.tgz 1134ms (cache miss)
843 http fetch GET 200 https://registry.npmjs.org/signal-exit/-/signal-exit-3.0.7.tgz 1154ms (cache miss)
844 http fetch GET 200 https://registry.npmjs.org/@prisma/engines/-/engines-7.6.0.tgz 1179ms (cache miss)
845 http fetch GET 200 https://registry.npmjs.org/@prisma/streams-local/-/streams-local-0.1.2.tgz 1195ms (cache miss)
846 http fetch GET 200 https://registry.npmjs.org/@prisma/debug/-/debug-7.2.0.tgz 1203ms (cache miss)
847 http fetch GET 200 https://registry.npmjs.org/hono/-/hono-4.12.9.tgz 1228ms (cache miss)
848 http fetch GET 200 https://registry.npmjs.org/@prisma/get-platform/-/get-platform-7.6.0.tgz 1239ms (cache miss)
849 http fetch GET 200 https://registry.npmjs.org/@prisma/get-platform/-/get-platform-7.6.0.tgz 1322ms (cache miss)
850 http fetch GET 200 https://registry.npmjs.org/@electric-sql/pglite-tools/-/pglite-tools-0.3.1.tgz 1809ms (cache miss)
851 http fetch GET 200 https://registry.npmjs.org/remeda/-/remeda-2.33.4.tgz 1897ms (cache miss)
852 http fetch GET 200 https://registry.npmjs.org/effect/-/effect-3.20.0.tgz 2211ms (cache miss)
853 http fetch GET 200 https://registry.npmjs.org/@prisma/dev/-/dev-0.24.3.tgz 2300ms (cache miss)
854 http fetch GET 200 https://registry.npmjs.org/@prisma/query-plan-executor/-/query-plan-executor-7.2.0.tgz 2399ms (cache miss)
855 http fetch GET 200 https://registry.npmjs.org/@electric-sql/pglite/-/pglite-0.4.1.tgz 3902ms (cache miss)
856 http fetch GET 200 https://registry.npmjs.org/prisma/-/prisma-7.6.0.tgz 4349ms (cache miss)
857 http fetch GET 200 https://registry.npmjs.org/@prisma/studio-core/-/studio-core-0.27.3.tgz 4543ms (cache miss)
858 info run prisma@7.6.0 preinstall node_modules/prisma node scripts/preinstall-entry.js
859 info run prisma@7.6.0 preinstall { code: 0, signal: null }
860 info run @prisma/engines@7.6.0 postinstall node_modules/@prisma/engines node scripts/postinstall.js
861 info run @prisma/engines@7.6.0 postinstall { code: 0, signal: null }
862 silly ADD node_modules/graphmatch
863 silly ADD node_modules/grammex
864 silly ADD node_modules/isexe
865 silly ADD node_modules/shebang-regex
866 silly ADD node_modules/destr
867 silly ADD node_modules/retry
868 silly ADD node_modules/tinyexec
869 silly ADD node_modules/safer-buffer
870 silly ADD node_modules/is-property
871 silly ADD node_modules/sqlstring
872 silly ADD node_modules/seq-queue
873 silly ADD node_modules/named-placeholders
874 silly ADD node_modules/lru.min
875 silly ADD node_modules/long
876 silly ADD node_modules/iconv-lite
877 silly ADD node_modules/generate-function
878 silly ADD node_modules/denque
879 silly ADD node_modules/aws-ssl-profiles
880 silly ADD node_modules/nypm
881 silly ADD node_modules/nypm/node_modules/citty
882 silly ADD node_modules/node-fetch-native
883 silly ADD node_modules/consola
884 silly ADD node_modules/citty
885 silly ADD node_modules/which
886 silly ADD node_modules/shebang-command
887 silly ADD node_modules/path-key
888 silly ADD node_modules/signal-exit
889 silly ADD node_modules/cross-spawn
890 silly ADD node_modules/pure-rand
891 silly ADD node_modules/fast-check
892 silly ADD node_modules/@standard-schema/spec
893 silly ADD node_modules/readdirp
894 silly ADD node_modules/@kurkle/color
895 silly ADD node_modules/rc9
896 silly ADD node_modules/pkg-types
897 silly ADD node_modules/perfect-debounce
898 silly ADD node_modules/ohash
899 silly ADD node_modules/jiti
900 silly ADD node_modules/giget
901 silly ADD node_modules/exsolve
902 silly ADD node_modules/dotenv
903 silly ADD node_modules/defu
904 silly ADD node_modules/confbox
905 silly ADD node_modules/chokidar
906 silly ADD node_modules/sisteransi
907 silly ADD node_modules/@clack/core
908 silly ADD node_modules/@clack/prompts
909 silly ADD node_modules/require-from-string
910 silly ADD node_modules/json-schema-traverse
911 silly ADD node_modules/fast-uri
912 silly ADD node_modules/fast-deep-equal
913 silly ADD node_modules/@radix-ui/react-use-layout-effect
914 silly ADD node_modules/@radix-ui/react-use-effect-event
915 silly ADD node_modules/@radix-ui/react-compose-refs
916 silly ADD node_modules/@radix-ui/react-slot
917 silly ADD node_modules/@radix-ui/react-use-controllable-state
918 silly ADD node_modules/@radix-ui/react-primitive
919 silly ADD node_modules/@radix-ui/primitive
920 silly ADD node_modules/chart.js
921 silly ADD node_modules/@radix-ui/react-toggle
922 silly ADD node_modules/env-paths
923 silly ADD node_modules/better-result
924 silly ADD node_modules/ajv
925 silly ADD node_modules/@prisma/fetch-engine
926 silly ADD node_modules/@prisma/fetch-engine/node_modules/@prisma/get-platform
927 silly ADD node_modules/@prisma/engines-version
928 silly ADD node_modules/@prisma/debug
929 silly ADD node_modules/zeptomatch
930 silly ADD node_modules/valibot
931 silly ADD node_modules/std-env
932 silly ADD node_modules/remeda
933 silly ADD node_modules/proper-lockfile
934 silly ADD node_modules/proper-lockfile/node_modules/signal-exit
935 silly ADD node_modules/pathe
936 silly ADD node_modules/http-status-codes
937 silly ADD node_modules/get-port-please
938 silly ADD node_modules/foreground-child
939 silly ADD node_modules/@prisma/streams-local
940 silly ADD node_modules/@prisma/query-plan-executor
941 silly ADD node_modules/@prisma/get-platform
942 silly ADD node_modules/@prisma/get-platform/node_modules/@prisma/debug
943 silly ADD node_modules/hono
944 silly ADD node_modules/@hono/node-server
945 silly ADD node_modules/@electric-sql/pglite-tools
946 silly ADD node_modules/@electric-sql/pglite-socket
947 silly ADD node_modules/@electric-sql/pglite
948 silly ADD node_modules/empathic
949 silly ADD node_modules/effect
950 silly ADD node_modules/deepmerge-ts
951 silly ADD node_modules/c12
952 silly ADD node_modules/postgres
953 silly ADD node_modules/mysql2
954 silly ADD node_modules/@prisma/studio-core
955 silly ADD node_modules/@prisma/engines
956 silly ADD node_modules/@prisma/engines/node_modules/@prisma/get-platform
957 silly ADD node_modules/@prisma/dev
958 silly ADD node_modules/@prisma/config
959 silly ADD node_modules/prisma
960 verbose cwd /Users/merttomekce/Documents/Code/Seng384/HealthAI
961 verbose os Darwin 24.4.0
962 verbose node v25.8.1
963 verbose npm  v11.11.0
964 verbose exit 0
965 info ok
